<?xml version="1.0" encoding="UTF-8"?>
<!-- Generated by org.testng.reporters.JUnitXMLReporter -->
<testsuite ignored="2" hostname="PC" failures="0" tests="1" name="Default test" time="0.486" errors="0" timestamp="18 12月 2018 07:34:35 GMT">
  <testcase classname="com.edu.test.Transfee_Parameter" name="feeTest2" time="0.466"/>
  <testcase classname="com.edu.test.Transfee_Parameter" name="feeTest" time="0.0">
    <ignored/>
  </testcase> <!-- feeTest -->
  <testcase classname="com.edu.test.Transfee_Parameter" name="feeTest1" time="0.0">
    <ignored/>
  </testcase> <!-- feeTest1 -->
</testsuite> <!-- Default test -->
