[ERROR] 2018-11-20 14:43:59,407 com.webtest.utils.Log - com.webtest.demo.Front_Login1@342c38f8-loginSuccess运行失败，需要截屏
[ERROR] 2018-11-20 16:08:04,952 com.webtest.utils.Log - com.webtest.demo.Front_Login1@342c38f8-loginSuccess运行失败，需要截屏
[ERROR] 2018-11-20 16:10:52,567 com.webtest.utils.Log - com.webtest.demo.Front_Login1@342c38f8-loginSuccess运行失败，需要截屏
[ERROR] 2018-11-20 16:12:00,625 com.webtest.utils.Log - com.webtest.demo.Front_Login1@342c38f8-loginSuccess运行失败，需要截屏
[ERROR] 2018-11-20 16:12:56,559 com.webtest.utils.Log - com.webtest.demo.Front_Login1@342c38f8-loginSuccess运行失败，需要截屏
[ERROR] 2018-11-20 16:15:45,630 com.webtest.utils.Log - com.webtest.demo.Front_Login1@342c38f8-loginSuccess运行失败，需要截屏
[ERROR] 2018-11-20 16:17:10,703 com.webtest.utils.Log - com.webtest.demo.Front_Login1@342c38f8-loginSuccess运行失败，需要截屏
[ERROR] 2018-11-20 16:18:15,120 com.webtest.utils.Log - com.webtest.demo.Front_Login1@342c38f8-loginSuccess运行失败，需要截屏
[ERROR] 2018-11-20 16:24:53,698 com.webtest.utils.Log - com.webtest.demo.Front_Login1@342c38f8-loginSuccess运行失败，需要截屏
[ERROR] 2018-11-20 16:26:13,198 com.webtest.utils.Log - com.webtest.demo.Front_Login1@342c38f8-loginSuccess运行失败，需要截屏
[ERROR] 2018-11-20 16:36:02,324 com.webtest.utils.Log - com.webtest.demo.Front_Login1@342c38f8-loginSuccess运行失败，需要截屏
[ERROR] 2018-11-20 16:45:58,068 com.webtest.utils.Log - com.webtest.demo.Front_Login1@342c38f8-loginSuccess运行失败，需要截屏
[ERROR] 2018-11-20 16:48:30,449 com.webtest.utils.Log - com.webtest.demo.Front_Login1@342c38f8-loginSuccess运行失败，需要截屏
[ERROR] 2018-11-20 16:52:11,609 com.webtest.utils.Log - com.webtest.demo.Front_Login1@342c38f8-loginSuccess运行失败，需要截屏
[ERROR] 2018-11-20 16:52:11,638 com.webtest.utils.Log - com.webtest.demo.Front_Login1@342c38f8-loginSuccess运行失败，需要截屏
[ERROR] 2018-11-20 16:52:43,521 com.webtest.utils.Log - com.webtest.demo.Front_Login1@43dac38f-loginSuccess运行失败，需要截屏
[ERROR] 2018-11-20 16:53:41,123 com.webtest.utils.Log - com.webtest.demo.Front_Login1@43dac38f-loginSuccess运行失败，需要截屏
[ERROR] 2018-11-20 16:55:11,601 com.webtest.utils.Log - com.webtest.demo.Front_Login1@43dac38f-loginSuccess运行失败，需要截屏
[ERROR] 2018-11-20 16:58:04,504 com.webtest.utils.Log - com.webtest.demo.Front_Login1@43dac38f-loginSuccess运行失败，需要截屏
[ERROR] 2018-11-20 17:09:39,975 com.webtest.utils.Log - com.webtest.demo.Front_Login1@43dac38f-loginSuccess运行失败，需要截屏
[ERROR] 2018-11-20 17:12:14,593 com.webtest.utils.Log - com.webtest.demo.Front_Login1@43dac38f-loginSuccess运行失败，需要截屏
[ERROR] 2018-11-20 17:32:53,172 com.webtest.utils.Log - com.webtest.demo.Login@43dac38f-loginSuccess运行失败，需要截屏
[ERROR] 2018-11-20 17:39:23,360 com.webtest.utils.Log - com.webtest.demo.Login@43dac38f-loginSuccess运行失败，需要截屏
[ERROR] 2018-11-20 17:40:45,029 com.webtest.utils.Log - com.webtest.demo.Login@43dac38f-loginSuccess运行失败，需要截屏
[ERROR] 2018-11-20 17:44:32,745 com.webtest.utils.Log - com.webtest.demo.Login@43dac38f-loginSuccess运行失败，需要截屏
[ERROR] 2018-11-20 17:47:36,265 com.webtest.utils.Log - com.webtest.demo.Login@43dac38f-loginSuccess运行失败，需要截屏
[ERROR] 2018-11-20 17:50:15,035 com.webtest.utils.Log - com.webtest.demo.Login@43dac38f-loginSuccess运行失败，需要截屏
[ERROR] 2018-11-20 17:57:34,021 com.webtest.utils.Log - com.webtest.demo.Login@43dac38f-loginSuccess运行失败，需要截屏
[ERROR] 2018-11-20 18:00:02,497 com.webtest.utils.Log - com.webtest.demo.Login@43dac38f-loginSuccess运行失败，需要截屏
[ERROR] 2018-11-21 16:29:13,858 com.webtest.utils.Log - com.webtest.demo.Login@d5b810e-loginSuccess运行失败，需要截屏
[ERROR] 2018-11-26 14:32:38,392 com.webtest.utils.Log - com.webtest.demo.Login@644baf4a-loginSuccess运行失败，需要截屏
[ERROR] 2018-11-26 14:32:43,295 com.webtest.utils.Log - com.webtest.demo.Login@644baf4a-loginSuccess运行失败，需要截屏
[ERROR] 2018-11-26 14:32:43,300 com.webtest.utils.Log - com.webtest.demo.Login@644baf4a-loginSuccess运行失败，需要截屏
[ERROR] 2018-11-26 14:34:18,424 com.webtest.utils.Log - com.webtest.demo.Login@644baf4a-loginSuccess运行失败，需要截屏
[ERROR] 2018-11-26 14:34:36,440 com.webtest.utils.Log - com.webtest.demo.Login@644baf4a-loginSuccess运行失败，需要截屏
[ERROR] 2018-11-26 14:34:45,091 com.webtest.utils.Log - com.webtest.demo.Login@644baf4a-loginSuccess运行失败，需要截屏
[ERROR] 2018-11-26 14:34:45,095 com.webtest.utils.Log - com.webtest.demo.Login@644baf4a-loginSuccess运行失败，需要截屏
[ERROR] 2018-11-26 14:36:47,639 com.webtest.utils.Log - com.webtest.demo.Login@644baf4a-loginSuccess运行失败，需要截屏
[ERROR] 2018-11-26 14:36:52,408 com.webtest.utils.Log - com.webtest.demo.Login@644baf4a-loginSuccess运行失败，需要截屏
[ERROR] 2018-11-26 14:36:52,413 com.webtest.utils.Log - com.webtest.demo.Login@644baf4a-loginSuccess运行失败，需要截屏
[ERROR] 2018-11-26 14:38:55,998 com.webtest.utils.Log - com.webtest.demo.Login@644baf4a-loginSuccess运行失败，需要截屏
[ERROR] 2018-11-26 14:39:05,958 com.webtest.utils.Log - com.webtest.demo.Login@644baf4a-loginSuccess运行失败，需要截屏
[ERROR] 2018-11-26 14:39:05,962 com.webtest.utils.Log - com.webtest.demo.Login@644baf4a-loginSuccess运行失败，需要截屏
[ERROR] 2018-11-26 14:52:46,607 com.webtest.utils.Log - com.webtest.demo.Login@76a4ebf2-loginfail运行失败，需要截屏
