<?xml version="1.0" encoding="UTF-8"?>
<!-- Generated by org.testng.reporters.JUnitReportReporter -->
<testsuite hostname="LAPTOP-OHIPPB3J" failures="0" tests="2" name="com.edu.scene.test.Login_Test" time="0.582" errors="0" timestamp="28 12月 2018 01:08:37 GMT" skipped="1">
  <testcase classname="com.edu.scene.test.Login_Test" name="login_test" time="0.582"/>
  <testcase classname="com.edu.scene.test.Login_Test" name="testlogin">
    <skipped/>
  </testcase> <!-- testlogin -->
</testsuite> <!-- com.edu.scene.test.Login_Test -->
