<?xml version="1.0" encoding="UTF-8"?>
<!-- Generated by org.testng.reporters.JUnitXMLReporter -->
<testsuite ignored="1" hostname="PC" failures="0" tests="6" name="登录" time="148.044" errors="0" timestamp="12 12月 2018 07:32:27 GMT">
  <testcase classname="com.edu.test.Own_Message_Test" name="own_Message" time="6.86"/>
  <testcase classname="com.edu.test.Own_Message_Test" name="edit_Message" time="30.01"/>
  <testcase classname="com.edu.test.Own_Message_Test" name="edit_PasswordFailed" time="19.9"/>
  <testcase classname="com.edu.test.Own_Message_Test" name="edit_PasswordFailed2" time="18.873"/>
  <testcase classname="com.edu.test.Own_Message_Test" name="edit_PasswordFailed3" time="18.828"/>
  <testcase classname="com.edu.test.Own_Message_Test" name="exit" time="4.363"/>
  <testcase classname="com.edu.test.Own_Message_Test" name="edit_Password" time="0.0">
    <ignored/>
  </testcase> <!-- edit_Password -->
</testsuite> <!-- 登录 -->
