<?xml version="1.0" encoding="UTF-8"?>
<testng-results ignored="0" total="1" passed="1" failed="0" skipped="0">
  <reporter-output>
  </reporter-output>
  <suite started-at="2018-11-26T09:52:50Z" name="Default suite" finished-at="2018-11-26T09:52:57Z" duration-ms="6626">
    <groups>
    </groups>
    <test started-at="2018-11-26T09:52:50Z" name="Default test" finished-at="2018-11-26T09:52:57Z" duration-ms="6626">
      <class name="com.webtest.demo.Create_Class">
        <test-method is-config="true" signature="doBeforeSuite()[pri:0, instance:com.webtest.demo.Create_Class@d5b810e]" started-at="2018-11-26T09:52:50Z" name="doBeforeSuite" finished-at="2018-11-26T09:52:57Z" duration-ms="6485" status="PASS">
          <reporter-output>
          </reporter-output>
        </test-method> <!-- doBeforeSuite -->
        <test-method is-config="true" signature="setup()[pri:0, instance:com.webtest.demo.Create_Class@d5b810e]" started-at="2018-11-26T09:52:57Z" name="setup" finished-at="2018-11-26T09:52:57Z" duration-ms="4" status="PASS">
          <reporter-output>
          </reporter-output>
        </test-method> <!-- setup -->
        <test-method signature="create_class()[pri:0, instance:com.webtest.demo.Create_Class@d5b810e]" started-at="2018-11-26T09:52:57Z" name="create_class" description="测试创建同步课成功界面" finished-at="2018-11-26T09:52:57Z" duration-ms="105" status="PASS">
          <reporter-output>
          </reporter-output>
        </test-method> <!-- create_class -->
      </class> <!-- com.webtest.demo.Create_Class -->
    </test> <!-- Default test -->
  </suite> <!-- Default suite -->
</testng-results>
