<?xml version="1.0" encoding="UTF-8"?>
<testng-results ignored="0" total="1" passed="1" failed="0" skipped="0">
  <reporter-output>
  </reporter-output>
  <suite started-at="2018-11-28T09:20:55Z" name="Default suite" finished-at="2018-11-28T09:21:17Z" duration-ms="22741">
    <groups>
    </groups>
    <test started-at="2018-11-28T09:20:55Z" name="Default test" finished-at="2018-11-28T09:21:17Z" duration-ms="22741">
      <class name="com.webtest.demo.PostMailHtml">
        <test-method signature="send_file()[pri:0, instance:com.webtest.demo.PostMailHtml@576d5deb]" started-at="2018-11-28T09:20:55Z" name="send_file" finished-at="2018-11-28T09:21:17Z" duration-ms="22695" status="PASS">
          <reporter-output>
          </reporter-output>
        </test-method> <!-- send_file -->
      </class> <!-- com.webtest.demo.PostMailHtml -->
    </test> <!-- Default test -->
  </suite> <!-- Default suite -->
</testng-results>
