<?xml version="1.0" encoding="UTF-8"?>
<!-- Generated by org.testng.reporters.JUnitReportReporter -->
<testsuite hostname="PC" failures="0" tests="7" name="com.edu.test.Own_Message_Test" time="129.809" errors="0" timestamp="14 12月 2018 03:08:28 GMT" skipped="1">
  <testcase classname="com.edu.test.Own_Message_Test" name="edit_PasswordFailed2" time="24.104"/>
  <testcase classname="com.edu.test.Own_Message_Test" name="exit" time="9.628"/>
  <testcase classname="com.edu.test.Own_Message_Test" name="edit_Message" time="36.330"/>
  <testcase classname="com.edu.test.Own_Message_Test" name="own_Message" time="11.671"/>
  <testcase classname="com.edu.test.Own_Message_Test" name="edit_PasswordFailed3" time="23.910"/>
  <testcase classname="com.edu.test.Own_Message_Test" name="edit_PasswordFailed" time="24.166"/>
  <testcase classname="com.edu.test.Own_Message_Test" name="edit_Password">
    <skipped/>
  </testcase> <!-- edit_Password -->
</testsuite> <!-- com.edu.test.Own_Message_Test -->
