<?xml version="1.0" encoding="UTF-8"?>
<!-- Generated by org.testng.reporters.JUnitReportReporter -->
<testsuite hostname="PC" failures="0" tests="3" name="com.edu.test.Coures_Apply_Test" time="105.613" errors="0" timestamp="26 12月 2018 11:25:40 GMT" skipped="0">
  <testcase classname="com.edu.test.Coures_Apply_Test" name="course2" time="38.925"/>
  <testcase classname="com.edu.test.Coures_Apply_Test" name="course" time="23.391"/>
  <testcase classname="com.edu.test.Coures_Apply_Test" name="ownCourse" time="43.297"/>
</testsuite> <!-- com.edu.test.Coures_Apply_Test -->
