<?xml version="1.0" encoding="UTF-8"?>
<!-- Generated by org.testng.reporters.JUnitReportReporter -->
<testsuite hostname="PC" failures="0" tests="3" name="com.edu.test.Search_Test" time="35.468" errors="0" timestamp="26 12月 2018 11:25:40 GMT" skipped="0">
  <testcase classname="com.edu.test.Search_Test" name="search_success" time="16.664"/>
  <testcase classname="com.edu.test.Search_Test" name="search_null" time="8.314"/>
  <testcase classname="com.edu.test.Search_Test" name="search_fail" time="10.490"/>
</testsuite> <!-- com.edu.test.Search_Test -->
