<?xml version="1.0" encoding="UTF-8"?>
<!-- Generated by org.testng.reporters.JUnitReportReporter -->
<testsuite hostname="PC" failures="0" tests="2" name="com.edu.teach_test.ThroughAudit_Test" time="36.152" errors="0" timestamp="26 12月 2018 11:25:40 GMT" skipped="0">
  <testcase classname="com.edu.teach_test.ThroughAudit_Test" name="through_audit2" time="13.959"/>
  <testcase classname="com.edu.teach_test.ThroughAudit_Test" name="through_audit" time="22.193"/>
</testsuite> <!-- com.edu.teach_test.ThroughAudit_Test -->
