<?xml version="1.0" encoding="UTF-8"?>
<!-- Generated by org.testng.reporters.JUnitReportReporter -->
<testsuite hostname="PC" failures="0" tests="3" name="com.edu.test.Notice_Test" time="74.881" errors="0" timestamp="18 12月 2018 03:15:34 GMT" skipped="0">
  <testcase classname="com.edu.test.Notice_Test" name="praise" time="8.083"/>
  <testcase classname="com.edu.test.Notice_Test" name="comment" time="56.298"/>
  <testcase classname="com.edu.test.Notice_Test" name="notice" time="10.500"/>
</testsuite> <!-- com.edu.test.Notice_Test -->
