<?xml version="1.0" encoding="UTF-8"?>
<!-- Generated by org.testng.reporters.JUnitReportReporter -->
<testsuite hostname="PC" failures="0" tests="5" name="com.edu.test.Login_Test" time="80.422" errors="0" timestamp="18 12月 2018 07:17:50 GMT" skipped="0">
  <testcase classname="com.edu.test.Login_Test" name="loginSuccess2" time="17.127"/>
  <testcase classname="com.edu.test.Login_Test" name="loginSuccess" time="19.343"/>
  <testcase classname="com.edu.test.Login_Test" name="loginfail" time="8.248"/>
  <testcase classname="com.edu.test.Login_Test" name="loginSuccess" time="18.836"/>
  <testcase classname="com.edu.test.Login_Test" name="loginSuccess2" time="16.868"/>
</testsuite> <!-- com.edu.test.Login_Test -->
