<?xml version="1.0" encoding="UTF-8"?>
<!-- Generated by org.testng.reporters.JUnitReportReporter -->
<testsuite hostname="PC" failures="0" tests="7" name="com.edu.test.Own_Message_Test" time="127.562" errors="0" timestamp="12 12月 2018 07:56:21 GMT" skipped="1">
  <testcase classname="com.edu.test.Own_Message_Test" name="edit_PasswordFailed2" time="24.100"/>
  <testcase classname="com.edu.test.Own_Message_Test" name="edit_PasswordFailed" time="24.075"/>
  <testcase classname="com.edu.test.Own_Message_Test" name="edit_Message" time="34.503"/>
  <testcase classname="com.edu.test.Own_Message_Test" name="own_Message" time="11.475"/>
  <testcase classname="com.edu.test.Own_Message_Test" name="exit" time="9.346"/>
  <testcase classname="com.edu.test.Own_Message_Test" name="edit_PasswordFailed3" time="24.063"/>
  <testcase classname="com.edu.test.Own_Message_Test" name="edit_Password">
    <skipped/>
  </testcase> <!-- edit_Password -->
</testsuite> <!-- com.edu.test.Own_Message_Test -->
