<?xml version="1.0" encoding="UTF-8"?>
<!-- Generated by org.testng.reporters.JUnitReportReporter -->
<testsuite hostname="PC" failures="0" tests="6" name="com.edu.test.Work_Change_Test" time="116.682" errors="0" timestamp="18 12月 2018 03:15:34 GMT" skipped="0">
  <testcase classname="com.edu.test.Work_Change_Test" name="add_file" time="10.957"/>
  <testcase classname="com.edu.test.Work_Change_Test" name="change_txt" time="38.891"/>
  <testcase classname="com.edu.test.Work_Change_Test" name="change_txtAll" time="10.020"/>
  <testcase classname="com.edu.test.Work_Change_Test" name="change_flie" time="9.206"/>
  <testcase classname="com.edu.test.Work_Change_Test" name="add_code" time="25.615"/>
  <testcase classname="com.edu.test.Work_Change_Test" name="change_code" time="21.993"/>
</testsuite> <!-- com.edu.test.Work_Change_Test -->
