<?xml version="1.0" encoding="UTF-8"?>
<!-- Generated by org.testng.reporters.JUnitReportReporter -->
<testsuite hostname="PC" failures="0" tests="2" name="com.edu.tec_test.Login" time="31.616" errors="0" timestamp="05 12月 2018 08:19:32 GMT" skipped="1">
  <testcase classname="com.edu.tec_test.Login" name="create_class" time="31.616"/>
  <testcase classname="com.edu.tec_test.Login" name="through_audit">
    <skipped/>
  </testcase> <!-- through_audit -->
</testsuite> <!-- com.edu.tec_test.Login -->
