<?xml version="1.0" encoding="UTF-8"?>
<!-- Generated by org.testng.reporters.JUnitReportReporter -->
<testsuite hostname="PC" failures="0" tests="4" name="com.edu.test.Course_Test" time="98.304" errors="0" timestamp="18 12月 2018 06:35:30 GMT" skipped="0">
  <testcase classname="com.edu.test.Course_Test" name="course_Search" time="18.504"/>
  <testcase classname="com.edu.test.Course_Test" name="course_Look" time="19.573"/>
  <testcase classname="com.edu.test.Course_Test" name="course_Search3" time="33.650"/>
  <testcase classname="com.edu.test.Course_Test" name="course_Search2" time="26.577"/>
</testsuite> <!-- com.edu.test.Course_Test -->
