<?xml version="1.0" encoding="UTF-8"?>
<!-- Generated by org.testng.reporters.JUnitXMLReporter -->
<testsuite ignored="5" hostname="PC" failures="0" tests="1" name="Default test" time="20.808" errors="0" timestamp="04 12月 2018 10:35:13 GMT">
  <testcase classname="com.edu.test.Own_Message_Test" name="own_Message" time="4.552"/>
  <testcase classname="com.edu.test.Own_Message_Test" name="exit" time="0.0">
    <ignored/>
  </testcase> <!-- exit -->
  <testcase classname="com.edu.test.Own_Message_Test" name="edit_Message" time="0.0">
    <ignored/>
  </testcase> <!-- edit_Message -->
  <testcase classname="com.edu.test.Own_Message_Test" name="edit_Password" time="0.0">
    <ignored/>
  </testcase> <!-- edit_Password -->
  <testcase classname="com.edu.test.Own_Message_Test" name="edit_PasswordFailed" time="0.0">
    <ignored/>
  </testcase> <!-- edit_PasswordFailed -->
  <testcase classname="com.edu.test.Own_Message_Test" name="edit_PasswordFailed2" time="0.0">
    <ignored/>
  </testcase> <!-- edit_PasswordFailed2 -->
</testsuite> <!-- Default test -->
