<?xml version="1.0" encoding="UTF-8"?>
<!-- Generated by org.testng.reporters.JUnitXMLReporter -->
<testsuite ignored="1" hostname="LAPTOP-OHIPPB3J" failures="0" tests="1" name="Default test" time="45.776" errors="0" timestamp="12 12月 2018 08:32:29 GMT">
  <testcase classname="com.edu.teach_test.ThroughAudit_Test" name="through_audit" time="21.165"/>
  <testcase classname="com.edu.teach_test.ThroughAudit_Test" name="through_audit2" time="0.0">
    <ignored/>
  </testcase> <!-- through_audit2 -->
</testsuite> <!-- Default test -->
