<?xml version="1.0" encoding="UTF-8"?>
<testng-results ignored="1" total="2" passed="1" failed="0" skipped="0">
  <reporter-output>
  </reporter-output>
  <suite started-at="2018-12-12T08:31:43Z" name="Default suite" finished-at="2018-12-12T08:32:29Z" duration-ms="45776">
    <groups>
    </groups>
    <test started-at="2018-12-12T08:31:43Z" name="Default test" finished-at="2018-12-12T08:32:29Z" duration-ms="45776">
      <class name="com.edu.teach_test.ThroughAudit_Test">
        <test-method is-config="true" signature="doBeforeSuite()[pri:0, instance:com.edu.teach_test.ThroughAudit_Test@342c38f8]" started-at="2018-12-12T08:31:43Z" name="doBeforeSuite" finished-at="2018-12-12T08:31:50Z" duration-ms="6850" status="PASS">
          <reporter-output>
          </reporter-output>
        </test-method> <!-- doBeforeSuite -->
        <test-method is-config="true" signature="login()[pri:0, instance:com.edu.teach_test.ThroughAudit_Test@342c38f8]" started-at="2018-12-12T08:31:50Z" name="login" finished-at="2018-12-12T08:32:00Z" duration-ms="10228" status="PASS">
          <reporter-output>
          </reporter-output>
        </test-method> <!-- login -->
        <test-method signature="through_audit()[pri:0, instance:com.edu.teach_test.ThroughAudit_Test@342c38f8]" started-at="2018-12-12T08:32:00Z" name="through_audit" description="申请同步课的同学通过审核" finished-at="2018-12-12T08:32:21Z" duration-ms="21165" status="PASS">
          <reporter-output>
          </reporter-output>
        </test-method> <!-- through_audit -->
        <test-method is-config="true" signature="doAfterMethod()[pri:0, instance:com.edu.teach_test.ThroughAudit_Test@342c38f8]" started-at="2018-12-12T08:32:21Z" name="doAfterMethod" finished-at="2018-12-12T08:32:29Z" duration-ms="7498" status="PASS">
          <reporter-output>
          </reporter-output>
        </test-method> <!-- doAfterMethod -->
      </class> <!-- com.edu.teach_test.ThroughAudit_Test -->
    </test> <!-- Default test -->
  </suite> <!-- Default suite -->
</testng-results>
