<html xmlns:math="http://exslt.org/math" xmlns:testng="http://testng.org">
   <head>
      <title>TestNG Results</title>
      <meta http-equiv="content-type" content="text/html; charset=utf-8"></meta>
      <meta http-equiv="pragma" content="no-cache"></meta>
      <meta http-equiv="cache-control" content="max-age=0"></meta>
      <meta http-equiv="cache-control" content="no-cache"></meta>
      <meta http-equiv="cache-control" content="no-store"></meta>
      <LINK rel="stylesheet" href="style.css"></LINK>
      <script type="text/javascript" src="main.js"></script>
   </head>
   <body>
      <table width="100%" style="font-size: 16px; margin-bottom: 10px;" cellspacing="1">
         <tr>
            <td width="100%">
               Test case
               
               <b>Default test</b>
            </td>
            <td style="background-color: #FFBBBB; padding: 3px 3px 3px 0;" align="center">
               <div style="width: 50px;">2</div>
            </td>
            <td style="background-color: lightgreen; padding: 3px 3px 3px 0;" align="center">
               <div style="width: 50px;">2</div>
            </td>
            <td style="background-color: #FFFFBB; padding: 3px 3px 3px 0;" align="center">
               <div style="width: 50px;">0</div>
            </td>
            <td align="center" style="background-color: #eaf0f7; padding: 3px 3px 3px 0;">
               <div style="width: 50px;">4</div>
            </td>
            <td align="center"
                style="font-weight: bold; background-color: #eaf0f7; padding: 3px 3px 3px 0;">
               <div style="width: 50px;">50%</div>
            </td>
         </tr>
      </table>
      <div style="width: 200px;">
         <label for="groupMethodsCheckBox" style="font-weight: bold; margin: 0;">
            <input id="groupMethodsCheckBox" type="checkbox" onclick="switchTestMethodsView(this)"></input>
            Group by class
            
         </label>
         <br></br>
         <label for="methodsFilter_ALL" style="font-weight: bold; margin: 0;">
            <input id="methodsFilter_ALL" type="checkbox"
                   onclick="testMethodsFilterChanged(this, 'ALL')"></input>
            All
            
         </label>
      </div>
      <label for="methodsFilter_FAIL" style="margin-left: 20px;">
         <input id="methodsFilter_FAIL" type="checkbox"
                onclick="testMethodsFilterChanged(this, 'FAIL')"
                checked=""></input>
         Failed
         
      </label>
      <label for="methodsFilter_PASS">
         <input id="methodsFilter_PASS" type="checkbox"
                onclick="testMethodsFilterChanged(this, 'PASS')"
                checked=""></input>
         Passed
         
      </label>
      <label for="methodsFilter_SKIP">
         <input id="methodsFilter_SKIP" type="checkbox"
                onclick="testMethodsFilterChanged(this, 'SKIP')"
                checked=""></input>
         Skipped
         
      </label>
      <label for="methodsFilter_CONF">
         <input id="methodsFilter_CONF" type="checkbox"
                onclick="testMethodsFilterChanged(this, 'CONF')"></input>
         Config
         
      </label>
      <br></br>
      <div id="testMethodsByStatus">
         <table class="testMethodsTable" cellpadding="0" cellspacing="0">
            <tr class="methodsTableHeader">
               <td width="100%">Name</td>
               <td nowrap="true">Started</td>
               <td nowrap="true">Duration</td>
               <td>Exception</td>
            </tr>
            <tr id="com.webtest.demo.Login_loginSuccess_byStatus_failed_FAIL1_row"
                class="testMethodStatusFAIL">
               <td width="100%" class="firstMethodCell">
                  <a onclick="toggleDetailsVisibility('com.webtest.demo.Login_loginSuccess_byStatus_failed_FAIL1_details')">loginSuccess(1336448191@qq.com
                     
                     ,
                     
                     ZHANGyu123)
                  </a>
               </td>
               <td nowrap="true">09:17:03</td>
               <td nowrap="true" align="right">15s
                  
               </td>
               <td nowrap="true">
                  <a onclick="toggleDetailsVisibility('com.webtest.demo.Login_loginSuccess_byStatus_failed_FAIL1_exception')">org.openqa.selenium.ElementNotInteractableException: 
                     
                     Build info: version: '3.6.0', revision: '6fbf3ec767', time: '2017-09-27T16:15:40.131Z'
                     System info: host: 'DESK-20180507JQ', ip: '169.254.40.49', os.name: 'Windows 10', os.arch: 'amd64', os.version: '10.0', java.version:
                     '9.0.4'
                     Driver info: org.openqa.selenium.firefox.FirefoxDriver
                     Capabilities [{moz:profile=C:\Users\Administrator\AppData\Local\Temp\rust_mozprofile.Sm5WNHBriVf3, rotatable=false, timeouts={implicit=0,
                     pageLoad=300000, script=30000}, pageLoadStrategy=normal, moz:headless=false, platform=XP, specificationLevel=0, moz:accessibilityChecks=false,
                     acceptInsecureCerts=true, browserVersion=56.0, platformVersion=10.0, moz:processID=42280, browserName=firefox, javascriptEnabled=true,
                     platformName=XP}]
                     Session ID: 2153e278-e050-40f2-9e27-26903b059f61
                     
                  </a>
                   
                  
               </td>
            </tr>
            <tr>
               <td colspan="4"
                   style="padding: 0; background-color: white; border-style: none; height: 0px;">
                  <div id="com.webtest.demo.Login_loginSuccess_byStatus_failed_FAIL1_details"
                       class="testMethodDetails">
                     <div>
                        <b>Name:
                           
                        </b>loginSuccess
                     </div>
                     <div>
                        <b>Signature:
                           
                        </b>loginSuccess(java.lang.String, java.lang.String)[pri:0, instance:com.webtest.demo.Login@2ea41516]
                     </div>
                     <div>
                        <b>Parameters:
                           
                        </b>
                        
                        1336448191@qq.com
                        
                        ,
                        
                        ZHANGyu123
                        
                        
                     </div>
                     <div>
                        <b>Start time:
                           
                        </b>09:17:03
                     </div>
                     <div>
                        <b>End time:
                           
                        </b>09:17:18
                     </div>
                     <div>
                        <b>Duration:
                           
                        </b>15s
                        
                     </div>
                  </div>
               </td>
            </tr>
            <tr>
               <td colspan="4"
                   style="padding: 0; background-color: white; border-style: none; height: 0px;">
                  <div id="com.webtest.demo.Login_loginSuccess_byStatus_failed_FAIL1_exception"
                       class="testMethodDetails">
                     <pre style="padding: 5px; margin: 0;">org.openqa.selenium.ElementNotInteractableException: 
                        Build info: version: '3.6.0', revision: '6fbf3ec767', time: '2017-09-27T16:15:40.131Z'
                        System info: host: 'DESK-20180507JQ', ip: '169.254.40.49', os.name: 'Windows 10', os.arch: 'amd64', os.version: '10.0', java.version:
                        '9.0.4'
                        Driver info: org.openqa.selenium.firefox.FirefoxDriver
                        Capabilities [{moz:profile=C:\Users\Administrator\AppData\Local\Temp\rust_mozprofile.Sm5WNHBriVf3, rotatable=false, timeouts={implicit=0,
                        pageLoad=300000, script=30000}, pageLoadStrategy=normal, moz:headless=false, platform=XP, specificationLevel=0, moz:accessibilityChecks=false,
                        acceptInsecureCerts=true, browserVersion=56.0, platformVersion=10.0, moz:processID=42280, browserName=firefox, javascriptEnabled=true,
                        platformName=XP}]
                        Session ID: 2153e278-e050-40f2-9e27-26903b059f61
                        at java.base/jdk.internal.reflect.NativeConstructorAccessorImpl.newInstance0(Native Method)
                        at java.base/jdk.internal.reflect.NativeConstructorAccessorImpl.newInstance(NativeConstructorAccessorImpl.java:62)
                        at java.base/jdk.internal.reflect.DelegatingConstructorAccessorImpl.newInstance(DelegatingConstructorAccessorImpl.java:45)
                        at java.base/java.lang.reflect.Constructor.newInstance(Constructor.java:488)
                        at org.openqa.selenium.remote.http.W3CHttpResponseCodec.createException(W3CHttpResponseCodec.java:185)
                        at org.openqa.selenium.remote.http.W3CHttpResponseCodec.decode(W3CHttpResponseCodec.java:120)
                        at org.openqa.selenium.remote.http.W3CHttpResponseCodec.decode(W3CHttpResponseCodec.java:49)
                        at org.openqa.selenium.remote.HttpCommandExecutor.execute(HttpCommandExecutor.java:164)
                        at org.openqa.selenium.remote.service.DriverCommandExecutor.execute(DriverCommandExecutor.java:83)
                        at org.openqa.selenium.remote.RemoteWebDriver.execute(RemoteWebDriver.java:586)
                        at org.openqa.selenium.remote.RemoteWebElement.execute(RemoteWebElement.java:279)
                        at org.openqa.selenium.remote.RemoteWebElement.click(RemoteWebElement.java:83)
                        at com.webtest.core.WebDriverEngine.click(WebDriverEngine.java:141)
                        at com.webtest.demo.Login.loginSuccess(Login.java:54)
                        at java.base/jdk.internal.reflect.NativeMethodAccessorImpl.invoke0(Native Method)
                        at java.base/jdk.internal.reflect.NativeMethodAccessorImpl.invoke(NativeMethodAccessorImpl.java:62)
                        at java.base/jdk.internal.reflect.DelegatingMethodAccessorImpl.invoke(DelegatingMethodAccessorImpl.java:43)
                        at java.base/java.lang.reflect.Method.invoke(Method.java:564)
                        at org.testng.internal.MethodInvocationHelper.invokeMethod(MethodInvocationHelper.java:124)
                        at org.testng.internal.Invoker.invokeMethod(Invoker.java:580)
                        at org.testng.internal.Invoker.invokeTestMethod(Invoker.java:716)
                        at org.testng.internal.Invoker.invokeTestMethods(Invoker.java:988)
                        at org.testng.internal.TestMethodWorker.invokeTestMethods(TestMethodWorker.java:125)
                        at org.testng.internal.TestMethodWorker.run(TestMethodWorker.java:109)
                        at org.testng.TestRunner.privateRun(TestRunner.java:648)
                        at org.testng.TestRunner.run(TestRunner.java:505)
                        at org.testng.SuiteRunner.runTest(SuiteRunner.java:455)
                        at org.testng.SuiteRunner.runSequentially(SuiteRunner.java:450)
                        at org.testng.SuiteRunner.privateRun(SuiteRunner.java:415)
                        at org.testng.SuiteRunner.run(SuiteRunner.java:364)
                        at org.testng.SuiteRunnerWorker.runSuite(SuiteRunnerWorker.java:52)
                        at org.testng.SuiteRunnerWorker.run(SuiteRunnerWorker.java:84)
                        at org.testng.TestNG.runSuitesSequentially(TestNG.java:1208)
                        at org.testng.TestNG.runSuitesLocally(TestNG.java:1137)
                        at org.testng.TestNG.runSuites(TestNG.java:1049)
                        at org.testng.TestNG.run(TestNG.java:1017)
                        at org.testng.remote.AbstractRemoteTestNG.run(AbstractRemoteTestNG.java:114)
                        at org.testng.remote.RemoteTestNG.initAndRun(RemoteTestNG.java:251)
                        at org.testng.remote.RemoteTestNG.main(RemoteTestNG.java:77)
                     </pre>
                  </div>
               </td>
            </tr>
            <tr id="com.webtest.demo.Login_loginSuccess_byStatus_failed_FAIL2_row"
                class="testMethodStatusFAIL">
               <td width="100%" class="firstMethodCell">
                  <a onclick="toggleDetailsVisibility('com.webtest.demo.Login_loginSuccess_byStatus_failed_FAIL2_details')">loginSuccess(987@qq.com
                     
                     ,
                     
                     ZHANGyu123)
                  </a>
               </td>
               <td nowrap="true">09:17:29</td>
               <td nowrap="true" align="right">14s
                  
               </td>
               <td nowrap="true">
                  <a onclick="toggleDetailsVisibility('com.webtest.demo.Login_loginSuccess_byStatus_failed_FAIL2_exception')">org.openqa.selenium.ElementNotInteractableException: 
                     
                     Build info: version: '3.6.0', revision: '6fbf3ec767', time: '2017-09-27T16:15:40.131Z'
                     System info: host: 'DESK-20180507JQ', ip: '169.254.40.49', os.name: 'Windows 10', os.arch: 'amd64', os.version: '10.0', java.version:
                     '9.0.4'
                     Driver info: org.openqa.selenium.firefox.FirefoxDriver
                     Capabilities [{moz:profile=C:\Users\Administrator\AppData\Local\Temp\rust_mozprofile.Sm5WNHBriVf3, rotatable=false, timeouts={implicit=0,
                     pageLoad=300000, script=30000}, pageLoadStrategy=normal, moz:headless=false, platform=XP, specificationLevel=0, moz:accessibilityChecks=false,
                     acceptInsecureCerts=true, browserVersion=56.0, platformVersion=10.0, moz:processID=42280, browserName=firefox, javascriptEnabled=true,
                     platformName=XP}]
                     Session ID: 2153e278-e050-40f2-9e27-26903b059f61
                     
                  </a>
                   
                  
               </td>
            </tr>
            <tr>
               <td colspan="4"
                   style="padding: 0; background-color: white; border-style: none; height: 0px;">
                  <div id="com.webtest.demo.Login_loginSuccess_byStatus_failed_FAIL2_details"
                       class="testMethodDetails">
                     <div>
                        <b>Name:
                           
                        </b>loginSuccess
                     </div>
                     <div>
                        <b>Signature:
                           
                        </b>loginSuccess(java.lang.String, java.lang.String)[pri:0, instance:com.webtest.demo.Login@2ea41516]
                     </div>
                     <div>
                        <b>Parameters:
                           
                        </b>
                        
                        987@qq.com
                        
                        ,
                        
                        ZHANGyu123
                        
                        
                     </div>
                     <div>
                        <b>Start time:
                           
                        </b>09:17:29
                     </div>
                     <div>
                        <b>End time:
                           
                        </b>09:17:43
                     </div>
                     <div>
                        <b>Duration:
                           
                        </b>14s
                        
                     </div>
                  </div>
               </td>
            </tr>
            <tr>
               <td colspan="4"
                   style="padding: 0; background-color: white; border-style: none; height: 0px;">
                  <div id="com.webtest.demo.Login_loginSuccess_byStatus_failed_FAIL2_exception"
                       class="testMethodDetails">
                     <pre style="padding: 5px; margin: 0;">org.openqa.selenium.ElementNotInteractableException: 
                        Build info: version: '3.6.0', revision: '6fbf3ec767', time: '2017-09-27T16:15:40.131Z'
                        System info: host: 'DESK-20180507JQ', ip: '169.254.40.49', os.name: 'Windows 10', os.arch: 'amd64', os.version: '10.0', java.version:
                        '9.0.4'
                        Driver info: org.openqa.selenium.firefox.FirefoxDriver
                        Capabilities [{moz:profile=C:\Users\Administrator\AppData\Local\Temp\rust_mozprofile.Sm5WNHBriVf3, rotatable=false, timeouts={implicit=0,
                        pageLoad=300000, script=30000}, pageLoadStrategy=normal, moz:headless=false, platform=XP, specificationLevel=0, moz:accessibilityChecks=false,
                        acceptInsecureCerts=true, browserVersion=56.0, platformVersion=10.0, moz:processID=42280, browserName=firefox, javascriptEnabled=true,
                        platformName=XP}]
                        Session ID: 2153e278-e050-40f2-9e27-26903b059f61
                        at java.base/jdk.internal.reflect.NativeConstructorAccessorImpl.newInstance0(Native Method)
                        at java.base/jdk.internal.reflect.NativeConstructorAccessorImpl.newInstance(NativeConstructorAccessorImpl.java:62)
                        at java.base/jdk.internal.reflect.DelegatingConstructorAccessorImpl.newInstance(DelegatingConstructorAccessorImpl.java:45)
                        at java.base/java.lang.reflect.Constructor.newInstance(Constructor.java:488)
                        at org.openqa.selenium.remote.http.W3CHttpResponseCodec.createException(W3CHttpResponseCodec.java:185)
                        at org.openqa.selenium.remote.http.W3CHttpResponseCodec.decode(W3CHttpResponseCodec.java:120)
                        at org.openqa.selenium.remote.http.W3CHttpResponseCodec.decode(W3CHttpResponseCodec.java:49)
                        at org.openqa.selenium.remote.HttpCommandExecutor.execute(HttpCommandExecutor.java:164)
                        at org.openqa.selenium.remote.service.DriverCommandExecutor.execute(DriverCommandExecutor.java:83)
                        at org.openqa.selenium.remote.RemoteWebDriver.execute(RemoteWebDriver.java:586)
                        at org.openqa.selenium.remote.RemoteWebElement.execute(RemoteWebElement.java:279)
                        at org.openqa.selenium.remote.RemoteWebElement.click(RemoteWebElement.java:83)
                        at com.webtest.core.WebDriverEngine.click(WebDriverEngine.java:141)
                        at com.webtest.demo.Login.loginSuccess(Login.java:54)
                        at java.base/jdk.internal.reflect.NativeMethodAccessorImpl.invoke0(Native Method)
                        at java.base/jdk.internal.reflect.NativeMethodAccessorImpl.invoke(NativeMethodAccessorImpl.java:62)
                        at java.base/jdk.internal.reflect.DelegatingMethodAccessorImpl.invoke(DelegatingMethodAccessorImpl.java:43)
                        at java.base/java.lang.reflect.Method.invoke(Method.java:564)
                        at org.testng.internal.MethodInvocationHelper.invokeMethod(MethodInvocationHelper.java:124)
                        at org.testng.internal.Invoker.invokeMethod(Invoker.java:580)
                        at org.testng.internal.Invoker.invokeTestMethod(Invoker.java:716)
                        at org.testng.internal.Invoker.invokeTestMethods(Invoker.java:988)
                        at org.testng.internal.TestMethodWorker.invokeTestMethods(TestMethodWorker.java:125)
                        at org.testng.internal.TestMethodWorker.run(TestMethodWorker.java:109)
                        at org.testng.TestRunner.privateRun(TestRunner.java:648)
                        at org.testng.TestRunner.run(TestRunner.java:505)
                        at org.testng.SuiteRunner.runTest(SuiteRunner.java:455)
                        at org.testng.SuiteRunner.runSequentially(SuiteRunner.java:450)
                        at org.testng.SuiteRunner.privateRun(SuiteRunner.java:415)
                        at org.testng.SuiteRunner.run(SuiteRunner.java:364)
                        at org.testng.SuiteRunnerWorker.runSuite(SuiteRunnerWorker.java:52)
                        at org.testng.SuiteRunnerWorker.run(SuiteRunnerWorker.java:84)
                        at org.testng.TestNG.runSuitesSequentially(TestNG.java:1208)
                        at org.testng.TestNG.runSuitesLocally(TestNG.java:1137)
                        at org.testng.TestNG.runSuites(TestNG.java:1049)
                        at org.testng.TestNG.run(TestNG.java:1017)
                        at org.testng.remote.AbstractRemoteTestNG.run(AbstractRemoteTestNG.java:114)
                        at org.testng.remote.RemoteTestNG.initAndRun(RemoteTestNG.java:251)
                        at org.testng.remote.RemoteTestNG.main(RemoteTestNG.java:77)
                     </pre>
                  </div>
               </td>
            </tr>
            <tr id="com.webtest.demo.Login_doBeforeSuite_byStatus_passed_PASS1_row"
                class="testMethodStatusPASS testMethodStatusCONF">
               <td width="100%" class="firstMethodCell">
                  <a onclick="toggleDetailsVisibility('com.webtest.demo.Login_doBeforeSuite_byStatus_passed_PASS1_details')">doBeforeSuite(org.testng.TestRunner@4e6f2bb5)</a>
               </td>
               <td nowrap="true">09:16:56</td>
               <td nowrap="true" align="right">7s
                  
               </td>
               <td nowrap="true">
                   
                  
               </td>
            </tr>
            <tr>
               <td colspan="4"
                   style="padding: 0; background-color: white; border-style: none; height: 0px;">
                  <div id="com.webtest.demo.Login_doBeforeSuite_byStatus_passed_PASS1_details"
                       class="testMethodDetails">
                     <div>
                        <b>Name:
                           
                        </b>doBeforeSuite
                     </div>
                     <div>
                        <b>Signature:
                           
                        </b>doBeforeSuite(org.testng.ITestContext)[pri:0, instance:com.webtest.demo.Login@2ea41516]
                     </div>
                     <div>
                        <b>Parameters:
                           
                        </b>
                        
                        org.testng.TestRunner@4e6f2bb5
                        
                        
                     </div>
                     <div>
                        <b>Start time:
                           
                        </b>09:16:56
                     </div>
                     <div>
                        <b>End time:
                           
                        </b>09:17:03
                     </div>
                     <div>
                        <b>Duration:
                           
                        </b>7s
                        
                     </div>
                  </div>
               </td>
            </tr>
            <tr></tr>
            <tr id="com.webtest.demo.Login_setup_byStatus_passed_PASS2_row"
                class="testMethodStatusPASS testMethodStatusCONF">
               <td width="100%" class="firstMethodCell">
                  <a onclick="toggleDetailsVisibility('com.webtest.demo.Login_setup_byStatus_passed_PASS2_details')">setup()</a>
               </td>
               <td nowrap="true">09:17:03</td>
               <td nowrap="true" align="right">1 ms
                  
               </td>
               <td nowrap="true">
                   
                  
               </td>
            </tr>
            <tr>
               <td colspan="4"
                   style="padding: 0; background-color: white; border-style: none; height: 0px;">
                  <div id="com.webtest.demo.Login_setup_byStatus_passed_PASS2_details"
                       class="testMethodDetails">
                     <div>
                        <b>Name:
                           
                        </b>setup
                     </div>
                     <div>
                        <b>Signature:
                           
                        </b>setup()[pri:0, instance:com.webtest.demo.Login@2ea41516]
                     </div>
                     <div>
                        <b>Start time:
                           
                        </b>09:17:03
                     </div>
                     <div>
                        <b>End time:
                           
                        </b>09:17:03
                     </div>
                     <div>
                        <b>Duration:
                           
                        </b>1 ms
                        
                     </div>
                  </div>
               </td>
            </tr>
            <tr></tr>
            <tr id="com.webtest.demo.Login_setup_byStatus_passed_PASS3_row"
                class="testMethodStatusPASS testMethodStatusCONF">
               <td width="100%" class="firstMethodCell">
                  <a onclick="toggleDetailsVisibility('com.webtest.demo.Login_setup_byStatus_passed_PASS3_details')">setup()</a>
               </td>
               <td nowrap="true">09:17:19</td>
               <td nowrap="true" align="right">0 ms
                  
               </td>
               <td nowrap="true">
                   
                  
               </td>
            </tr>
            <tr>
               <td colspan="4"
                   style="padding: 0; background-color: white; border-style: none; height: 0px;">
                  <div id="com.webtest.demo.Login_setup_byStatus_passed_PASS3_details"
                       class="testMethodDetails">
                     <div>
                        <b>Name:
                           
                        </b>setup
                     </div>
                     <div>
                        <b>Signature:
                           
                        </b>setup()[pri:0, instance:com.webtest.demo.Login@2ea41516]
                     </div>
                     <div>
                        <b>Start time:
                           
                        </b>09:17:19
                     </div>
                     <div>
                        <b>End time:
                           
                        </b>09:17:19
                     </div>
                     <div>
                        <b>Duration:
                           
                        </b>0 ms
                        
                     </div>
                  </div>
               </td>
            </tr>
            <tr></tr>
            <tr id="com.webtest.demo.Login_loginSuccess_byStatus_passed_PASS4_row"
                class="testMethodStatusPASS">
               <td width="100%" class="firstMethodCell">
                  <a onclick="toggleDetailsVisibility('com.webtest.demo.Login_loginSuccess_byStatus_passed_PASS4_details')">loginSuccess(123@126.com
                     
                     ,
                     
                     ZHANGyu12)
                  </a>
               </td>
               <td nowrap="true">09:17:19</td>
               <td nowrap="true" align="right">10s
                  
               </td>
               <td nowrap="true">
                   
                  
               </td>
            </tr>
            <tr>
               <td colspan="4"
                   style="padding: 0; background-color: white; border-style: none; height: 0px;">
                  <div id="com.webtest.demo.Login_loginSuccess_byStatus_passed_PASS4_details"
                       class="testMethodDetails">
                     <div>
                        <b>Name:
                           
                        </b>loginSuccess
                     </div>
                     <div>
                        <b>Signature:
                           
                        </b>loginSuccess(java.lang.String, java.lang.String)[pri:0, instance:com.webtest.demo.Login@2ea41516]
                     </div>
                     <div>
                        <b>Parameters:
                           
                        </b>
                        
                        123@126.com
                        
                        ,
                        
                        ZHANGyu12
                        
                        
                     </div>
                     <div>
                        <b>Start time:
                           
                        </b>09:17:19
                     </div>
                     <div>
                        <b>End time:
                           
                        </b>09:17:29
                     </div>
                     <div>
                        <b>Duration:
                           
                        </b>10s
                        
                     </div>
                  </div>
               </td>
            </tr>
            <tr></tr>
            <tr id="com.webtest.demo.Login_setup_byStatus_passed_PASS5_row"
                class="testMethodStatusPASS testMethodStatusCONF">
               <td width="100%" class="firstMethodCell">
                  <a onclick="toggleDetailsVisibility('com.webtest.demo.Login_setup_byStatus_passed_PASS5_details')">setup()</a>
               </td>
               <td nowrap="true">09:17:29</td>
               <td nowrap="true" align="right">0 ms
                  
               </td>
               <td nowrap="true">
                   
                  
               </td>
            </tr>
            <tr>
               <td colspan="4"
                   style="padding: 0; background-color: white; border-style: none; height: 0px;">
                  <div id="com.webtest.demo.Login_setup_byStatus_passed_PASS5_details"
                       class="testMethodDetails">
                     <div>
                        <b>Name:
                           
                        </b>setup
                     </div>
                     <div>
                        <b>Signature:
                           
                        </b>setup()[pri:0, instance:com.webtest.demo.Login@2ea41516]
                     </div>
                     <div>
                        <b>Start time:
                           
                        </b>09:17:29
                     </div>
                     <div>
                        <b>End time:
                           
                        </b>09:17:29
                     </div>
                     <div>
                        <b>Duration:
                           
                        </b>0 ms
                        
                     </div>
                  </div>
               </td>
            </tr>
            <tr></tr>
            <tr id="com.webtest.demo.Login_setup_byStatus_passed_PASS6_row"
                class="testMethodStatusPASS testMethodStatusCONF">
               <td width="100%" class="firstMethodCell">
                  <a onclick="toggleDetailsVisibility('com.webtest.demo.Login_setup_byStatus_passed_PASS6_details')">setup()</a>
               </td>
               <td nowrap="true">09:17:43</td>
               <td nowrap="true" align="right">0 ms
                  
               </td>
               <td nowrap="true">
                   
                  
               </td>
            </tr>
            <tr>
               <td colspan="4"
                   style="padding: 0; background-color: white; border-style: none; height: 0px;">
                  <div id="com.webtest.demo.Login_setup_byStatus_passed_PASS6_details"
                       class="testMethodDetails">
                     <div>
                        <b>Name:
                           
                        </b>setup
                     </div>
                     <div>
                        <b>Signature:
                           
                        </b>setup()[pri:0, instance:com.webtest.demo.Login@2ea41516]
                     </div>
                     <div>
                        <b>Start time:
                           
                        </b>09:17:43
                     </div>
                     <div>
                        <b>End time:
                           
                        </b>09:17:43
                     </div>
                     <div>
                        <b>Duration:
                           
                        </b>0 ms
                        
                     </div>
                  </div>
               </td>
            </tr>
            <tr></tr>
            <tr id="com.webtest.demo.Login_loginfail_byStatus_passed_PASS7_row"
                class="testMethodStatusPASS">
               <td width="100%" class="firstMethodCell">
                  <a onclick="toggleDetailsVisibility('com.webtest.demo.Login_loginfail_byStatus_passed_PASS7_details')">loginfail()</a>
               </td>
               <td nowrap="true">09:17:43</td>
               <td nowrap="true" align="right">10s
                  
               </td>
               <td nowrap="true">
                   
                  
               </td>
            </tr>
            <tr>
               <td colspan="4"
                   style="padding: 0; background-color: white; border-style: none; height: 0px;">
                  <div id="com.webtest.demo.Login_loginfail_byStatus_passed_PASS7_details"
                       class="testMethodDetails">
                     <div>
                        <b>Name:
                           
                        </b>loginfail
                     </div>
                     <div>
                        <b>Signature:
                           
                        </b>loginfail()[pri:0, instance:com.webtest.demo.Login@2ea41516]
                     </div>
                     <div>
                        <b>Start time:
                           
                        </b>09:17:43
                     </div>
                     <div>
                        <b>End time:
                           
                        </b>09:17:53
                     </div>
                     <div>
                        <b>Duration:
                           
                        </b>10s
                        
                     </div>
                  </div>
               </td>
            </tr>
            <tr></tr>
            <tr id="com.webtest.demo.Login_doAfterMethod_byStatus_passed_PASS8_row"
                class="testMethodStatusPASS testMethodStatusCONF">
               <td width="100%" class="firstMethodCell">
                  <a onclick="toggleDetailsVisibility('com.webtest.demo.Login_doAfterMethod_byStatus_passed_PASS8_details')">doAfterMethod()</a>
               </td>
               <td nowrap="true">09:17:53</td>
               <td nowrap="true" align="right">924 ms
                  
               </td>
               <td nowrap="true">
                   
                  
               </td>
            </tr>
            <tr>
               <td colspan="4"
                   style="padding: 0; background-color: white; border-style: none; height: 0px;">
                  <div id="com.webtest.demo.Login_doAfterMethod_byStatus_passed_PASS8_details"
                       class="testMethodDetails">
                     <div>
                        <b>Name:
                           
                        </b>doAfterMethod
                     </div>
                     <div>
                        <b>Signature:
                           
                        </b>doAfterMethod()[pri:0, instance:com.webtest.demo.Login@2ea41516]
                     </div>
                     <div>
                        <b>Start time:
                           
                        </b>09:17:53
                     </div>
                     <div>
                        <b>End time:
                           
                        </b>09:17:54
                     </div>
                     <div>
                        <b>Duration:
                           
                        </b>924 ms
                        
                     </div>
                  </div>
               </td>
            </tr>
            <tr></tr>
         </table>
      </div>
      <div id="testMethodsByClass" style="display: none;">
         <table class="testMethodsTable" cellpadding="0" cellspacing="0">
            <tr>
               <td colspan="4">
                  <h3 style="display: inline;">com.webtest.demo.Login</h3>
               </td>
            </tr>
            <tr class="methodsTableHeader">
               <td width="100%">Name</td>
               <td nowrap="true">Started</td>
               <td nowrap="true">Duration</td>
               <td>Exception</td>
            </tr>
            <tr id="com.webtest.demo.Login_doBeforeSuite_byClass_PASS1_row"
                class="testMethodStatusPASS testMethodStatusCONF">
               <td width="100%" class="firstMethodCell">
                  <a onclick="toggleDetailsVisibility('com.webtest.demo.Login_doBeforeSuite_byClass_PASS1_details')">doBeforeSuite(org.testng.TestRunner@4e6f2bb5)</a>
               </td>
               <td nowrap="true">09:16:56</td>
               <td nowrap="true" align="right">7s
                  
               </td>
               <td nowrap="true">
                   
                  
               </td>
            </tr>
            <tr>
               <td colspan="4"
                   style="padding: 0; background-color: white; border-style: none; height: 0px;">
                  <div id="com.webtest.demo.Login_doBeforeSuite_byClass_PASS1_details"
                       class="testMethodDetails">
                     <div>
                        <b>Name:
                           
                        </b>doBeforeSuite
                     </div>
                     <div>
                        <b>Signature:
                           
                        </b>doBeforeSuite(org.testng.ITestContext)[pri:0, instance:com.webtest.demo.Login@2ea41516]
                     </div>
                     <div>
                        <b>Parameters:
                           
                        </b>
                        
                        org.testng.TestRunner@4e6f2bb5
                        
                        
                     </div>
                     <div>
                        <b>Start time:
                           
                        </b>09:16:56
                     </div>
                     <div>
                        <b>End time:
                           
                        </b>09:17:03
                     </div>
                     <div>
                        <b>Duration:
                           
                        </b>7s
                        
                     </div>
                  </div>
               </td>
            </tr>
            <tr></tr>
            <tr id="com.webtest.demo.Login_setup_byClass_PASS2_row"
                class="testMethodStatusPASS testMethodStatusCONF">
               <td width="100%" class="firstMethodCell">
                  <a onclick="toggleDetailsVisibility('com.webtest.demo.Login_setup_byClass_PASS2_details')">setup()</a>
               </td>
               <td nowrap="true">09:17:03</td>
               <td nowrap="true" align="right">1 ms
                  
               </td>
               <td nowrap="true">
                   
                  
               </td>
            </tr>
            <tr>
               <td colspan="4"
                   style="padding: 0; background-color: white; border-style: none; height: 0px;">
                  <div id="com.webtest.demo.Login_setup_byClass_PASS2_details"
                       class="testMethodDetails">
                     <div>
                        <b>Name:
                           
                        </b>setup
                     </div>
                     <div>
                        <b>Signature:
                           
                        </b>setup()[pri:0, instance:com.webtest.demo.Login@2ea41516]
                     </div>
                     <div>
                        <b>Start time:
                           
                        </b>09:17:03
                     </div>
                     <div>
                        <b>End time:
                           
                        </b>09:17:03
                     </div>
                     <div>
                        <b>Duration:
                           
                        </b>1 ms
                        
                     </div>
                  </div>
               </td>
            </tr>
            <tr></tr>
            <tr id="com.webtest.demo.Login_loginSuccess_byClass_FAIL3_row"
                class="testMethodStatusFAIL">
               <td width="100%" class="firstMethodCell">
                  <a onclick="toggleDetailsVisibility('com.webtest.demo.Login_loginSuccess_byClass_FAIL3_details')">loginSuccess(1336448191@qq.com
                     
                     ,
                     
                     ZHANGyu123)
                  </a>
               </td>
               <td nowrap="true">09:17:03</td>
               <td nowrap="true" align="right">15s
                  
               </td>
               <td nowrap="true">
                  <a onclick="toggleDetailsVisibility('com.webtest.demo.Login_loginSuccess_byClass_FAIL3_exception')">org.openqa.selenium.ElementNotInteractableException: 
                     
                     Build info: version: '3.6.0', revision: '6fbf3ec767', time: '2017-09-27T16:15:40.131Z'
                     System info: host: 'DESK-20180507JQ', ip: '169.254.40.49', os.name: 'Windows 10', os.arch: 'amd64', os.version: '10.0', java.version:
                     '9.0.4'
                     Driver info: org.openqa.selenium.firefox.FirefoxDriver
                     Capabilities [{moz:profile=C:\Users\Administrator\AppData\Local\Temp\rust_mozprofile.Sm5WNHBriVf3, rotatable=false, timeouts={implicit=0,
                     pageLoad=300000, script=30000}, pageLoadStrategy=normal, moz:headless=false, platform=XP, specificationLevel=0, moz:accessibilityChecks=false,
                     acceptInsecureCerts=true, browserVersion=56.0, platformVersion=10.0, moz:processID=42280, browserName=firefox, javascriptEnabled=true,
                     platformName=XP}]
                     Session ID: 2153e278-e050-40f2-9e27-26903b059f61
                     
                  </a>
                   
                  
               </td>
            </tr>
            <tr>
               <td colspan="4"
                   style="padding: 0; background-color: white; border-style: none; height: 0px;">
                  <div id="com.webtest.demo.Login_loginSuccess_byClass_FAIL3_details"
                       class="testMethodDetails">
                     <div>
                        <b>Name:
                           
                        </b>loginSuccess
                     </div>
                     <div>
                        <b>Signature:
                           
                        </b>loginSuccess(java.lang.String, java.lang.String)[pri:0, instance:com.webtest.demo.Login@2ea41516]
                     </div>
                     <div>
                        <b>Parameters:
                           
                        </b>
                        
                        1336448191@qq.com
                        
                        ,
                        
                        ZHANGyu123
                        
                        
                     </div>
                     <div>
                        <b>Start time:
                           
                        </b>09:17:03
                     </div>
                     <div>
                        <b>End time:
                           
                        </b>09:17:18
                     </div>
                     <div>
                        <b>Duration:
                           
                        </b>15s
                        
                     </div>
                  </div>
               </td>
            </tr>
            <tr>
               <td colspan="4"
                   style="padding: 0; background-color: white; border-style: none; height: 0px;">
                  <div id="com.webtest.demo.Login_loginSuccess_byClass_FAIL3_exception"
                       class="testMethodDetails">
                     <pre style="padding: 5px; margin: 0;">org.openqa.selenium.ElementNotInteractableException: 
                        Build info: version: '3.6.0', revision: '6fbf3ec767', time: '2017-09-27T16:15:40.131Z'
                        System info: host: 'DESK-20180507JQ', ip: '169.254.40.49', os.name: 'Windows 10', os.arch: 'amd64', os.version: '10.0', java.version:
                        '9.0.4'
                        Driver info: org.openqa.selenium.firefox.FirefoxDriver
                        Capabilities [{moz:profile=C:\Users\Administrator\AppData\Local\Temp\rust_mozprofile.Sm5WNHBriVf3, rotatable=false, timeouts={implicit=0,
                        pageLoad=300000, script=30000}, pageLoadStrategy=normal, moz:headless=false, platform=XP, specificationLevel=0, moz:accessibilityChecks=false,
                        acceptInsecureCerts=true, browserVersion=56.0, platformVersion=10.0, moz:processID=42280, browserName=firefox, javascriptEnabled=true,
                        platformName=XP}]
                        Session ID: 2153e278-e050-40f2-9e27-26903b059f61
                        at java.base/jdk.internal.reflect.NativeConstructorAccessorImpl.newInstance0(Native Method)
                        at java.base/jdk.internal.reflect.NativeConstructorAccessorImpl.newInstance(NativeConstructorAccessorImpl.java:62)
                        at java.base/jdk.internal.reflect.DelegatingConstructorAccessorImpl.newInstance(DelegatingConstructorAccessorImpl.java:45)
                        at java.base/java.lang.reflect.Constructor.newInstance(Constructor.java:488)
                        at org.openqa.selenium.remote.http.W3CHttpResponseCodec.createException(W3CHttpResponseCodec.java:185)
                        at org.openqa.selenium.remote.http.W3CHttpResponseCodec.decode(W3CHttpResponseCodec.java:120)
                        at org.openqa.selenium.remote.http.W3CHttpResponseCodec.decode(W3CHttpResponseCodec.java:49)
                        at org.openqa.selenium.remote.HttpCommandExecutor.execute(HttpCommandExecutor.java:164)
                        at org.openqa.selenium.remote.service.DriverCommandExecutor.execute(DriverCommandExecutor.java:83)
                        at org.openqa.selenium.remote.RemoteWebDriver.execute(RemoteWebDriver.java:586)
                        at org.openqa.selenium.remote.RemoteWebElement.execute(RemoteWebElement.java:279)
                        at org.openqa.selenium.remote.RemoteWebElement.click(RemoteWebElement.java:83)
                        at com.webtest.core.WebDriverEngine.click(WebDriverEngine.java:141)
                        at com.webtest.demo.Login.loginSuccess(Login.java:54)
                        at java.base/jdk.internal.reflect.NativeMethodAccessorImpl.invoke0(Native Method)
                        at java.base/jdk.internal.reflect.NativeMethodAccessorImpl.invoke(NativeMethodAccessorImpl.java:62)
                        at java.base/jdk.internal.reflect.DelegatingMethodAccessorImpl.invoke(DelegatingMethodAccessorImpl.java:43)
                        at java.base/java.lang.reflect.Method.invoke(Method.java:564)
                        at org.testng.internal.MethodInvocationHelper.invokeMethod(MethodInvocationHelper.java:124)
                        at org.testng.internal.Invoker.invokeMethod(Invoker.java:580)
                        at org.testng.internal.Invoker.invokeTestMethod(Invoker.java:716)
                        at org.testng.internal.Invoker.invokeTestMethods(Invoker.java:988)
                        at org.testng.internal.TestMethodWorker.invokeTestMethods(TestMethodWorker.java:125)
                        at org.testng.internal.TestMethodWorker.run(TestMethodWorker.java:109)
                        at org.testng.TestRunner.privateRun(TestRunner.java:648)
                        at org.testng.TestRunner.run(TestRunner.java:505)
                        at org.testng.SuiteRunner.runTest(SuiteRunner.java:455)
                        at org.testng.SuiteRunner.runSequentially(SuiteRunner.java:450)
                        at org.testng.SuiteRunner.privateRun(SuiteRunner.java:415)
                        at org.testng.SuiteRunner.run(SuiteRunner.java:364)
                        at org.testng.SuiteRunnerWorker.runSuite(SuiteRunnerWorker.java:52)
                        at org.testng.SuiteRunnerWorker.run(SuiteRunnerWorker.java:84)
                        at org.testng.TestNG.runSuitesSequentially(TestNG.java:1208)
                        at org.testng.TestNG.runSuitesLocally(TestNG.java:1137)
                        at org.testng.TestNG.runSuites(TestNG.java:1049)
                        at org.testng.TestNG.run(TestNG.java:1017)
                        at org.testng.remote.AbstractRemoteTestNG.run(AbstractRemoteTestNG.java:114)
                        at org.testng.remote.RemoteTestNG.initAndRun(RemoteTestNG.java:251)
                        at org.testng.remote.RemoteTestNG.main(RemoteTestNG.java:77)
                     </pre>
                  </div>
               </td>
            </tr>
            <tr id="com.webtest.demo.Login_setup_byClass_PASS4_row"
                class="testMethodStatusPASS testMethodStatusCONF">
               <td width="100%" class="firstMethodCell">
                  <a onclick="toggleDetailsVisibility('com.webtest.demo.Login_setup_byClass_PASS4_details')">setup()</a>
               </td>
               <td nowrap="true">09:17:19</td>
               <td nowrap="true" align="right">0 ms
                  
               </td>
               <td nowrap="true">
                   
                  
               </td>
            </tr>
            <tr>
               <td colspan="4"
                   style="padding: 0; background-color: white; border-style: none; height: 0px;">
                  <div id="com.webtest.demo.Login_setup_byClass_PASS4_details"
                       class="testMethodDetails">
                     <div>
                        <b>Name:
                           
                        </b>setup
                     </div>
                     <div>
                        <b>Signature:
                           
                        </b>setup()[pri:0, instance:com.webtest.demo.Login@2ea41516]
                     </div>
                     <div>
                        <b>Start time:
                           
                        </b>09:17:19
                     </div>
                     <div>
                        <b>End time:
                           
                        </b>09:17:19
                     </div>
                     <div>
                        <b>Duration:
                           
                        </b>0 ms
                        
                     </div>
                  </div>
               </td>
            </tr>
            <tr></tr>
            <tr id="com.webtest.demo.Login_loginSuccess_byClass_PASS5_row"
                class="testMethodStatusPASS">
               <td width="100%" class="firstMethodCell">
                  <a onclick="toggleDetailsVisibility('com.webtest.demo.Login_loginSuccess_byClass_PASS5_details')">loginSuccess(123@126.com
                     
                     ,
                     
                     ZHANGyu12)
                  </a>
               </td>
               <td nowrap="true">09:17:19</td>
               <td nowrap="true" align="right">10s
                  
               </td>
               <td nowrap="true">
                   
                  
               </td>
            </tr>
            <tr>
               <td colspan="4"
                   style="padding: 0; background-color: white; border-style: none; height: 0px;">
                  <div id="com.webtest.demo.Login_loginSuccess_byClass_PASS5_details"
                       class="testMethodDetails">
                     <div>
                        <b>Name:
                           
                        </b>loginSuccess
                     </div>
                     <div>
                        <b>Signature:
                           
                        </b>loginSuccess(java.lang.String, java.lang.String)[pri:0, instance:com.webtest.demo.Login@2ea41516]
                     </div>
                     <div>
                        <b>Parameters:
                           
                        </b>
                        
                        123@126.com
                        
                        ,
                        
                        ZHANGyu12
                        
                        
                     </div>
                     <div>
                        <b>Start time:
                           
                        </b>09:17:19
                     </div>
                     <div>
                        <b>End time:
                           
                        </b>09:17:29
                     </div>
                     <div>
                        <b>Duration:
                           
                        </b>10s
                        
                     </div>
                  </div>
               </td>
            </tr>
            <tr></tr>
            <tr id="com.webtest.demo.Login_loginSuccess_byClass_FAIL6_row"
                class="testMethodStatusFAIL">
               <td width="100%" class="firstMethodCell">
                  <a onclick="toggleDetailsVisibility('com.webtest.demo.Login_loginSuccess_byClass_FAIL6_details')">loginSuccess(987@qq.com
                     
                     ,
                     
                     ZHANGyu123)
                  </a>
               </td>
               <td nowrap="true">09:17:29</td>
               <td nowrap="true" align="right">14s
                  
               </td>
               <td nowrap="true">
                  <a onclick="toggleDetailsVisibility('com.webtest.demo.Login_loginSuccess_byClass_FAIL6_exception')">org.openqa.selenium.ElementNotInteractableException: 
                     
                     Build info: version: '3.6.0', revision: '6fbf3ec767', time: '2017-09-27T16:15:40.131Z'
                     System info: host: 'DESK-20180507JQ', ip: '169.254.40.49', os.name: 'Windows 10', os.arch: 'amd64', os.version: '10.0', java.version:
                     '9.0.4'
                     Driver info: org.openqa.selenium.firefox.FirefoxDriver
                     Capabilities [{moz:profile=C:\Users\Administrator\AppData\Local\Temp\rust_mozprofile.Sm5WNHBriVf3, rotatable=false, timeouts={implicit=0,
                     pageLoad=300000, script=30000}, pageLoadStrategy=normal, moz:headless=false, platform=XP, specificationLevel=0, moz:accessibilityChecks=false,
                     acceptInsecureCerts=true, browserVersion=56.0, platformVersion=10.0, moz:processID=42280, browserName=firefox, javascriptEnabled=true,
                     platformName=XP}]
                     Session ID: 2153e278-e050-40f2-9e27-26903b059f61
                     
                  </a>
                   
                  
               </td>
            </tr>
            <tr>
               <td colspan="4"
                   style="padding: 0; background-color: white; border-style: none; height: 0px;">
                  <div id="com.webtest.demo.Login_loginSuccess_byClass_FAIL6_details"
                       class="testMethodDetails">
                     <div>
                        <b>Name:
                           
                        </b>loginSuccess
                     </div>
                     <div>
                        <b>Signature:
                           
                        </b>loginSuccess(java.lang.String, java.lang.String)[pri:0, instance:com.webtest.demo.Login@2ea41516]
                     </div>
                     <div>
                        <b>Parameters:
                           
                        </b>
                        
                        987@qq.com
                        
                        ,
                        
                        ZHANGyu123
                        
                        
                     </div>
                     <div>
                        <b>Start time:
                           
                        </b>09:17:29
                     </div>
                     <div>
                        <b>End time:
                           
                        </b>09:17:43
                     </div>
                     <div>
                        <b>Duration:
                           
                        </b>14s
                        
                     </div>
                  </div>
               </td>
            </tr>
            <tr>
               <td colspan="4"
                   style="padding: 0; background-color: white; border-style: none; height: 0px;">
                  <div id="com.webtest.demo.Login_loginSuccess_byClass_FAIL6_exception"
                       class="testMethodDetails">
                     <pre style="padding: 5px; margin: 0;">org.openqa.selenium.ElementNotInteractableException: 
                        Build info: version: '3.6.0', revision: '6fbf3ec767', time: '2017-09-27T16:15:40.131Z'
                        System info: host: 'DESK-20180507JQ', ip: '169.254.40.49', os.name: 'Windows 10', os.arch: 'amd64', os.version: '10.0', java.version:
                        '9.0.4'
                        Driver info: org.openqa.selenium.firefox.FirefoxDriver
                        Capabilities [{moz:profile=C:\Users\Administrator\AppData\Local\Temp\rust_mozprofile.Sm5WNHBriVf3, rotatable=false, timeouts={implicit=0,
                        pageLoad=300000, script=30000}, pageLoadStrategy=normal, moz:headless=false, platform=XP, specificationLevel=0, moz:accessibilityChecks=false,
                        acceptInsecureCerts=true, browserVersion=56.0, platformVersion=10.0, moz:processID=42280, browserName=firefox, javascriptEnabled=true,
                        platformName=XP}]
                        Session ID: 2153e278-e050-40f2-9e27-26903b059f61
                        at java.base/jdk.internal.reflect.NativeConstructorAccessorImpl.newInstance0(Native Method)
                        at java.base/jdk.internal.reflect.NativeConstructorAccessorImpl.newInstance(NativeConstructorAccessorImpl.java:62)
                        at java.base/jdk.internal.reflect.DelegatingConstructorAccessorImpl.newInstance(DelegatingConstructorAccessorImpl.java:45)
                        at java.base/java.lang.reflect.Constructor.newInstance(Constructor.java:488)
                        at org.openqa.selenium.remote.http.W3CHttpResponseCodec.createException(W3CHttpResponseCodec.java:185)
                        at org.openqa.selenium.remote.http.W3CHttpResponseCodec.decode(W3CHttpResponseCodec.java:120)
                        at org.openqa.selenium.remote.http.W3CHttpResponseCodec.decode(W3CHttpResponseCodec.java:49)
                        at org.openqa.selenium.remote.HttpCommandExecutor.execute(HttpCommandExecutor.java:164)
                        at org.openqa.selenium.remote.service.DriverCommandExecutor.execute(DriverCommandExecutor.java:83)
                        at org.openqa.selenium.remote.RemoteWebDriver.execute(RemoteWebDriver.java:586)
                        at org.openqa.selenium.remote.RemoteWebElement.execute(RemoteWebElement.java:279)
                        at org.openqa.selenium.remote.RemoteWebElement.click(RemoteWebElement.java:83)
                        at com.webtest.core.WebDriverEngine.click(WebDriverEngine.java:141)
                        at com.webtest.demo.Login.loginSuccess(Login.java:54)
                        at java.base/jdk.internal.reflect.NativeMethodAccessorImpl.invoke0(Native Method)
                        at java.base/jdk.internal.reflect.NativeMethodAccessorImpl.invoke(NativeMethodAccessorImpl.java:62)
                        at java.base/jdk.internal.reflect.DelegatingMethodAccessorImpl.invoke(DelegatingMethodAccessorImpl.java:43)
                        at java.base/java.lang.reflect.Method.invoke(Method.java:564)
                        at org.testng.internal.MethodInvocationHelper.invokeMethod(MethodInvocationHelper.java:124)
                        at org.testng.internal.Invoker.invokeMethod(Invoker.java:580)
                        at org.testng.internal.Invoker.invokeTestMethod(Invoker.java:716)
                        at org.testng.internal.Invoker.invokeTestMethods(Invoker.java:988)
                        at org.testng.internal.TestMethodWorker.invokeTestMethods(TestMethodWorker.java:125)
                        at org.testng.internal.TestMethodWorker.run(TestMethodWorker.java:109)
                        at org.testng.TestRunner.privateRun(TestRunner.java:648)
                        at org.testng.TestRunner.run(TestRunner.java:505)
                        at org.testng.SuiteRunner.runTest(SuiteRunner.java:455)
                        at org.testng.SuiteRunner.runSequentially(SuiteRunner.java:450)
                        at org.testng.SuiteRunner.privateRun(SuiteRunner.java:415)
                        at org.testng.SuiteRunner.run(SuiteRunner.java:364)
                        at org.testng.SuiteRunnerWorker.runSuite(SuiteRunnerWorker.java:52)
                        at org.testng.SuiteRunnerWorker.run(SuiteRunnerWorker.java:84)
                        at org.testng.TestNG.runSuitesSequentially(TestNG.java:1208)
                        at org.testng.TestNG.runSuitesLocally(TestNG.java:1137)
                        at org.testng.TestNG.runSuites(TestNG.java:1049)
                        at org.testng.TestNG.run(TestNG.java:1017)
                        at org.testng.remote.AbstractRemoteTestNG.run(AbstractRemoteTestNG.java:114)
                        at org.testng.remote.RemoteTestNG.initAndRun(RemoteTestNG.java:251)
                        at org.testng.remote.RemoteTestNG.main(RemoteTestNG.java:77)
                     </pre>
                  </div>
               </td>
            </tr>
            <tr id="com.webtest.demo.Login_setup_byClass_PASS7_row"
                class="testMethodStatusPASS testMethodStatusCONF">
               <td width="100%" class="firstMethodCell">
                  <a onclick="toggleDetailsVisibility('com.webtest.demo.Login_setup_byClass_PASS7_details')">setup()</a>
               </td>
               <td nowrap="true">09:17:29</td>
               <td nowrap="true" align="right">0 ms
                  
               </td>
               <td nowrap="true">
                   
                  
               </td>
            </tr>
            <tr>
               <td colspan="4"
                   style="padding: 0; background-color: white; border-style: none; height: 0px;">
                  <div id="com.webtest.demo.Login_setup_byClass_PASS7_details"
                       class="testMethodDetails">
                     <div>
                        <b>Name:
                           
                        </b>setup
                     </div>
                     <div>
                        <b>Signature:
                           
                        </b>setup()[pri:0, instance:com.webtest.demo.Login@2ea41516]
                     </div>
                     <div>
                        <b>Start time:
                           
                        </b>09:17:29
                     </div>
                     <div>
                        <b>End time:
                           
                        </b>09:17:29
                     </div>
                     <div>
                        <b>Duration:
                           
                        </b>0 ms
                        
                     </div>
                  </div>
               </td>
            </tr>
            <tr></tr>
            <tr id="com.webtest.demo.Login_setup_byClass_PASS8_row"
                class="testMethodStatusPASS testMethodStatusCONF">
               <td width="100%" class="firstMethodCell">
                  <a onclick="toggleDetailsVisibility('com.webtest.demo.Login_setup_byClass_PASS8_details')">setup()</a>
               </td>
               <td nowrap="true">09:17:43</td>
               <td nowrap="true" align="right">0 ms
                  
               </td>
               <td nowrap="true">
                   
                  
               </td>
            </tr>
            <tr>
               <td colspan="4"
                   style="padding: 0; background-color: white; border-style: none; height: 0px;">
                  <div id="com.webtest.demo.Login_setup_byClass_PASS8_details"
                       class="testMethodDetails">
                     <div>
                        <b>Name:
                           
                        </b>setup
                     </div>
                     <div>
                        <b>Signature:
                           
                        </b>setup()[pri:0, instance:com.webtest.demo.Login@2ea41516]
                     </div>
                     <div>
                        <b>Start time:
                           
                        </b>09:17:43
                     </div>
                     <div>
                        <b>End time:
                           
                        </b>09:17:43
                     </div>
                     <div>
                        <b>Duration:
                           
                        </b>0 ms
                        
                     </div>
                  </div>
               </td>
            </tr>
            <tr></tr>
            <tr id="com.webtest.demo.Login_loginfail_byClass_PASS9_row"
                class="testMethodStatusPASS">
               <td width="100%" class="firstMethodCell">
                  <a onclick="toggleDetailsVisibility('com.webtest.demo.Login_loginfail_byClass_PASS9_details')">loginfail()</a>
               </td>
               <td nowrap="true">09:17:43</td>
               <td nowrap="true" align="right">10s
                  
               </td>
               <td nowrap="true">
                   
                  
               </td>
            </tr>
            <tr>
               <td colspan="4"
                   style="padding: 0; background-color: white; border-style: none; height: 0px;">
                  <div id="com.webtest.demo.Login_loginfail_byClass_PASS9_details"
                       class="testMethodDetails">
                     <div>
                        <b>Name:
                           
                        </b>loginfail
                     </div>
                     <div>
                        <b>Signature:
                           
                        </b>loginfail()[pri:0, instance:com.webtest.demo.Login@2ea41516]
                     </div>
                     <div>
                        <b>Start time:
                           
                        </b>09:17:43
                     </div>
                     <div>
                        <b>End time:
                           
                        </b>09:17:53
                     </div>
                     <div>
                        <b>Duration:
                           
                        </b>10s
                        
                     </div>
                  </div>
               </td>
            </tr>
            <tr></tr>
            <tr id="com.webtest.demo.Login_doAfterMethod_byClass_PASS10_row"
                class="testMethodStatusPASS testMethodStatusCONF">
               <td width="100%" class="firstMethodCell">
                  <a onclick="toggleDetailsVisibility('com.webtest.demo.Login_doAfterMethod_byClass_PASS10_details')">doAfterMethod()</a>
               </td>
               <td nowrap="true">09:17:53</td>
               <td nowrap="true" align="right">924 ms
                  
               </td>
               <td nowrap="true">
                   
                  
               </td>
            </tr>
            <tr>
               <td colspan="4"
                   style="padding: 0; background-color: white; border-style: none; height: 0px;">
                  <div id="com.webtest.demo.Login_doAfterMethod_byClass_PASS10_details"
                       class="testMethodDetails">
                     <div>
                        <b>Name:
                           
                        </b>doAfterMethod
                     </div>
                     <div>
                        <b>Signature:
                           
                        </b>doAfterMethod()[pri:0, instance:com.webtest.demo.Login@2ea41516]
                     </div>
                     <div>
                        <b>Start time:
                           
                        </b>09:17:53
                     </div>
                     <div>
                        <b>End time:
                           
                        </b>09:17:54
                     </div>
                     <div>
                        <b>Duration:
                           
                        </b>924 ms
                        
                     </div>
                  </div>
               </td>
            </tr>
            <tr></tr>
         </table>
         <br></br>
      </div>
      <div style="margin-top: 15px; color: gray; text-align: center; font-size: 9px;">
         Generated with
         
         <a href="http://code.google.com/p/testng-xslt/" style="color: #8888aa;"
            target="_blank">
            TestNG XSLT
            
         </a>
      </div>
   </body>
</html>