<?xml version="1.0" encoding="UTF-8"?>
<testsuite name="登录"
           tests="3"
           failures="1"
           errors="0"
           skipped="0"
           time="48.868">
  <properties />
            <testcase name="loginfail" time="22.194" classname="com.edu.test.TestA">
                <failure type="java.lang.IllegalArgumentException"
                  message="Must provide a location for a move action."
              >
<![CDATA[java.lang.IllegalArgumentException: Must provide a location for a move action.
  org.openqa.selenium.interactions.MoveMouseAction.<init>(MoveMouseAction.java:38)
  org.openqa.selenium.interactions.Actions.moveToElement(Actions.java:388)
  com.edu.core.WebDriverEngine.mouseoverElement(WebDriverEngine.java:276)
  com.edu.test.TestA.loginfail(TestA.java:102)
  java.base/jdk.internal.reflect.NativeMethodAccessorImpl.invoke0(Native Method)
  java.base/jdk.internal.reflect.NativeMethodAccessorImpl.invoke(NativeMethodAccessorImpl.java:62)
  java.base/jdk.internal.reflect.DelegatingMethodAccessorImpl.invoke(DelegatingMethodAccessorImpl.java:43)
  java.base/java.lang.reflect.Method.invoke(Method.java:564)
  org.testng.internal.MethodInvocationHelper.invokeMethod(MethodInvocationHelper.java:124)
  org.testng.internal.Invoker.invokeMethod(Invoker.java:580)
  org.testng.internal.Invoker.invokeTestMethod(Invoker.java:716)
  org.testng.internal.Invoker.invokeTestMethods(Invoker.java:988)
  org.testng.internal.TestMethodWorker.invokeTestMethods(TestMethodWorker.java:125)
  org.testng.internal.TestMethodWorker.run(TestMethodWorker.java:109)
  org.testng.TestRunner.privateRun(TestRunner.java:648)
  org.testng.TestRunner.run(TestRunner.java:505)
  org.testng.SuiteRunner.runTest(SuiteRunner.java:455)
  org.testng.SuiteRunner.access$000(SuiteRunner.java:40)
  org.testng.SuiteRunner$SuiteWorker.run(SuiteRunner.java:489)
  org.testng.internal.thread.ThreadUtil$1.call(ThreadUtil.java:52)
  java.base/java.util.concurrent.FutureTask.run(FutureTask.java:264)
  java.base/java.util.concurrent.ThreadPoolExecutor.runWorker(ThreadPoolExecutor.java:1167)
  java.base/java.util.concurrent.ThreadPoolExecutor$Worker.run(ThreadPoolExecutor.java:641)
  java.base/java.lang.Thread.run(Thread.java:844)
]]>
      </failure>

          </testcase>
  
  
            <testcase name="before_Login2" time="16.636" classname="com.edu.test.TestA" />
                <testcase name="before_Login" time="10.038" classname="com.edu.test.TestA" />
      
</testsuite>
