<?xml version="1.0" encoding="UTF-8"?>
<!-- Generated by org.testng.reporters.JUnitReportReporter -->
<testsuite hostname="PC" failures="0" tests="5" name="com.edu.test.QgDeal" time="1.376" errors="0" timestamp="21 11月 2018 09:08:20 GMT" skipped="0">
  <testcase classname="com.edu.test.QgDeal" name="submit" time="0.240"/>
  <testcase classname="com.edu.test.QgDeal" name="submit" time="0.195"/>
  <testcase classname="com.edu.test.QgDeal" name="submit" time="0.213"/>
  <testcase classname="com.edu.test.QgDeal" name="submit" time="0.532"/>
  <testcase classname="com.edu.test.QgDeal" name="submit" time="0.196"/>
</testsuite> <!-- com.edu.test.QgDeal -->
