<?xml version="1.0" encoding="UTF-8"?>
<!-- Generated by org.testng.reporters.JUnitReportReporter -->
<testsuite hostname="PC" failures="0" tests="3" name="com.edu.test.Transfee_Parameter" time="0.522" errors="1" timestamp="18 12月 2018 07:38:57 GMT" skipped="0">
  <testcase classname="com.edu.test.Transfee_Parameter" name="feeTest1" time="0.351">
    <error message="Premature end of chunk coded message body: closing chunk expected" type="org.apache.http.ConnectionClosedException">
      <![CDATA[org.apache.http.ConnectionClosedException: Premature end of chunk coded message body: closing chunk expected
at org.apache.http.impl.io.ChunkedInputStream.getChunkSize(ChunkedInputStream.java:266)
at org.apache.http.impl.io.ChunkedInputStream.nextChunk(ChunkedInputStream.java:225)
at org.apache.http.impl.io.ChunkedInputStream.read(ChunkedInputStream.java:148)
at org.apache.http.conn.EofSensorInputStream.read(EofSensorInputStream.java:118)
at java.base/java.util.zip.CheckedInputStream.read(CheckedInputStream.java:60)
at java.base/java.util.zip.GZIPInputStream.readUByte(GZIPInputStream.java:267)
at java.base/java.util.zip.GZIPInputStream.readUShort(GZIPInputStream.java:259)
at java.base/java.util.zip.GZIPInputStream.readHeader(GZIPInputStream.java:165)
at java.base/java.util.zip.GZIPInputStream.<init>(GZIPInputStream.java:80)
at java.base/java.util.zip.GZIPInputStream.<init>(GZIPInputStream.java:92)
at org.apache.http.client.entity.GZIPInputStreamFactory.create(GZIPInputStreamFactory.java:61)
at org.apache.http.client.entity.LazyDecompressingInputStream.initWrapper(LazyDecompressingInputStream.java:51)
at org.apache.http.client.entity.LazyDecompressingInputStream.read(LazyDecompressingInputStream.java:69)
at java.base/sun.nio.cs.StreamDecoder.readBytes(StreamDecoder.java:284)
at java.base/sun.nio.cs.StreamDecoder.implRead(StreamDecoder.java:326)
at java.base/sun.nio.cs.StreamDecoder.read(StreamDecoder.java:178)
at java.base/java.io.InputStreamReader.read(InputStreamReader.java:185)
at java.base/java.io.Reader.read(Reader.java:140)
at org.apache.http.util.EntityUtils.toString(EntityUtils.java:227)
at org.apache.http.util.EntityUtils.toString(EntityUtils.java:270)
at org.apache.http.util.EntityUtils.toString(EntityUtils.java:290)
at com.edu.core.HttpDriver.doGet(HttpDriver.java:40)
at com.edu.test.Transfee_Parameter.feeTest1(Transfee_Parameter.java:21)
at java.base/jdk.internal.reflect.NativeMethodAccessorImpl.invoke0(Native Method)
at java.base/jdk.internal.reflect.NativeMethodAccessorImpl.invoke(NativeMethodAccessorImpl.java:62)
at java.base/jdk.internal.reflect.DelegatingMethodAccessorImpl.invoke(DelegatingMethodAccessorImpl.java:43)
at java.base/java.lang.reflect.Method.invoke(Method.java:564)
at org.testng.internal.MethodInvocationHelper.invokeMethod(MethodInvocationHelper.java:124)
at org.testng.internal.Invoker.invokeMethod(Invoker.java:580)
at org.testng.internal.Invoker.invokeTestMethod(Invoker.java:716)
at org.testng.internal.Invoker.invokeTestMethods(Invoker.java:988)
at org.testng.internal.TestMethodWorker.invokeTestMethods(TestMethodWorker.java:125)
at org.testng.internal.TestMethodWorker.run(TestMethodWorker.java:109)
at org.testng.TestRunner.privateRun(TestRunner.java:648)
at org.testng.TestRunner.run(TestRunner.java:505)
at org.testng.SuiteRunner.runTest(SuiteRunner.java:455)
at org.testng.SuiteRunner.access$000(SuiteRunner.java:40)
at org.testng.SuiteRunner$SuiteWorker.run(SuiteRunner.java:489)
at org.testng.internal.thread.ThreadUtil$1.call(ThreadUtil.java:52)
at java.base/java.util.concurrent.FutureTask.run(FutureTask.java:264)
at java.base/java.util.concurrent.ThreadPoolExecutor.runWorker(ThreadPoolExecutor.java:1167)
at java.base/java.util.concurrent.ThreadPoolExecutor$Worker.run(ThreadPoolExecutor.java:641)
at java.base/java.lang.Thread.run(Thread.java:844)
]]>
    </error>
  </testcase> <!-- feeTest1 -->
  <testcase classname="com.edu.test.Transfee_Parameter" name="feeTest" time="0.090"/>
  <testcase classname="com.edu.test.Transfee_Parameter" name="feeTest2" time="0.081"/>
</testsuite> <!-- com.edu.test.Transfee_Parameter -->
