<?xml version="1.0" encoding="UTF-8"?>
<testng-results ignored="0" total="1" passed="1" failed="0" skipped="0">
  <reporter-output>
  </reporter-output>
  <suite started-at="2018-11-26T11:18:45Z" name="Default suite" finished-at="2018-11-26T11:18:56Z" duration-ms="10278">
    <groups>
    </groups>
    <test started-at="2018-11-26T11:18:45Z" name="Default test" finished-at="2018-11-26T11:18:56Z" duration-ms="10278">
      <class name="com.edu.own.Auto_test">
        <test-method is-config="true" signature="doBeforeSuite()[pri:0, instance:com.edu.own.Auto_test@3cebbb30]" started-at="2018-11-26T11:18:45Z" name="doBeforeSuite" finished-at="2018-11-26T11:18:49Z" duration-ms="3339" status="PASS">
          <reporter-output>
          </reporter-output>
        </test-method> <!-- doBeforeSuite -->
        <test-method is-config="true" signature="before_Login()[pri:0, instance:com.edu.own.Auto_test@3cebbb30]" started-at="2018-11-26T11:18:49Z" name="before_Login" finished-at="2018-11-26T11:18:53Z" duration-ms="4361" status="PASS">
          <reporter-output>
          </reporter-output>
        </test-method> <!-- before_Login -->
        <test-method is-config="true" signature="own_Beg()[pri:0, instance:com.edu.own.Auto_test@3cebbb30]" started-at="2018-11-26T11:18:53Z" name="own_Beg" finished-at="2018-11-26T11:18:55Z" duration-ms="2002" status="PASS">
          <reporter-output>
          </reporter-output>
        </test-method> <!-- own_Beg -->
        <test-method signature="own_Massage()[pri:0, instance:com.edu.own.Auto_test@3cebbb30]" started-at="2018-11-26T11:18:55Z" name="own_Massage" finished-at="2018-11-26T11:18:55Z" duration-ms="10" status="PASS">
          <reporter-output>
          </reporter-output>
        </test-method> <!-- own_Massage -->
        <test-method is-config="true" signature="doAfterMethod()[pri:0, instance:com.edu.own.Auto_test@3cebbb30]" started-at="2018-11-26T11:18:55Z" name="doAfterMethod" finished-at="2018-11-26T11:18:56Z" duration-ms="551" status="PASS">
          <reporter-output>
          </reporter-output>
        </test-method> <!-- doAfterMethod -->
      </class> <!-- com.edu.own.Auto_test -->
    </test> <!-- Default test -->
  </suite> <!-- Default suite -->
</testng-results>
