<?xml version="1.0" encoding="UTF-8"?>
<!-- Generated by org.testng.reporters.JUnitReportReporter -->
<testsuite hostname="DESKTOP-SBC7EAS" failures="0" tests="7" name="demo.test" time="134.588" errors="0" timestamp="28 11月 2018 06:32:06 GMT" skipped="0">
  <testcase classname="demo.test" name="test2" time="7.723"/>
  <testcase classname="demo.test" name="test1" time="15.406"/>
  <testcase classname="demo.test" name="test7" time="33.700"/>
  <testcase classname="demo.test" name="test5" time="31.236"/>
  <testcase classname="demo.test" name="test6" time="26.214"/>
  <testcase classname="demo.test" name="test3" time="7.502"/>
  <testcase classname="demo.test" name="test4" time="12.807"/>
</testsuite> <!-- demo.test -->
