<?xml version="1.0" encoding="UTF-8"?>
<testng-results ignored="0" total="1" passed="1" failed="0" skipped="0">
  <reporter-output>
  </reporter-output>
  <suite started-at="2018-12-03T06:46:14Z" name="Default suite" finished-at="2018-12-03T06:46:29Z" duration-ms="14980">
    <groups>
    </groups>
    <test started-at="2018-12-03T06:46:14Z" name="Default test" finished-at="2018-12-03T06:46:29Z" duration-ms="14980">
      <class name="tijiao.xiugai">
        <test-method signature="dingwei()[pri:0, instance:tijiao.xiugai@611889f4]" started-at="2018-12-03T06:46:14Z" name="dingwei" finished-at="2018-12-03T06:46:29Z" duration-ms="14953" status="PASS">
          <reporter-output>
          </reporter-output>
        </test-method> <!-- dingwei -->
      </class> <!-- tijiao.xiugai -->
    </test> <!-- Default test -->
  </suite> <!-- Default suite -->
</testng-results>
