<?xml version="1.0" encoding="UTF-8"?>
<!-- Generated by org.testng.reporters.JUnitReportReporter -->
<testsuite hostname="PC" failures="0" tests="4" name="com.edu.own.TestDemo" time="25.703" errors="0" timestamp="23 11月 2018 02:09:16 GMT" skipped="3">
  <testcase classname="com.edu.own.TestDemo" name="massage_Change" time="25.703"/>
  <testcase classname="com.edu.own.TestDemo" name="Exit">
    <skipped/>
  </testcase> <!-- Exit -->
  <testcase classname="com.edu.own.TestDemo" name="password_Change">
    <skipped/>
  </testcase> <!-- password_Change -->
  <testcase classname="com.edu.own.TestDemo" name="own_Massage">
    <skipped/>
  </testcase> <!-- own_Massage -->
</testsuite> <!-- com.edu.own.TestDemo -->
