<?xml version="1.0" encoding="UTF-8"?>
<!-- Generated by org.testng.reporters.JUnitReportReporter -->
<testsuite hostname="PC" failures="0" tests="4" name="com.edu.own.mail" time="2.787" errors="0" timestamp="21 11月 2018 09:25:18 GMT" skipped="3">
  <testcase classname="com.edu.own.mail" name="test" time="2.787"/>
  <testcase classname="com.edu.own.mail" name="send_Html">
    <skipped/>
  </testcase> <!-- send_Html -->
  <testcase classname="com.edu.own.mail" name="send_File">
    <skipped/>
  </testcase> <!-- send_File -->
  <testcase classname="com.edu.own.mail" name="send_Text">
    <skipped/>
  </testcase> <!-- send_Text -->
</testsuite> <!-- com.edu.own.mail -->
