<?xml version="1.0" encoding="UTF-8"?>
<!-- Generated by org.testng.reporters.JUnitReportReporter -->
<testsuite hostname="LAPTOP-OHIPPB3J" failures="0" tests="6" name="com.edu.test.Work_Change_Test" time="32.304" errors="0" timestamp="07 12月 2018 00:44:47 GMT" skipped="5">
  <testcase classname="com.edu.test.Work_Change_Test" name="change_code" time="32.304"/>
  <testcase classname="com.edu.test.Work_Change_Test" name="change_txt">
    <skipped/>
  </testcase> <!-- change_txt -->
  <testcase classname="com.edu.test.Work_Change_Test" name="add_code">
    <skipped/>
  </testcase> <!-- add_code -->
  <testcase classname="com.edu.test.Work_Change_Test" name="change_txtAll">
    <skipped/>
  </testcase> <!-- change_txtAll -->
  <testcase classname="com.edu.test.Work_Change_Test" name="add_file">
    <skipped/>
  </testcase> <!-- add_file -->
  <testcase classname="com.edu.test.Work_Change_Test" name="change_flie">
    <skipped/>
  </testcase> <!-- change_flie -->
</testsuite> <!-- com.edu.test.Work_Change_Test -->
