<?xml version="1.0" encoding="UTF-8"?>
<!-- Generated by org.testng.reporters.JUnitReportReporter -->
<testsuite hostname="PC" failures="0" tests="7" name="com.edu.test.Own_Message_Test" time="0.000" errors="0" timestamp="06 12月 2018 12:57:25 GMT" skipped="7">
  <testcase classname="com.edu.test.Own_Message_Test" name="own_Message" time="0.000">
    <skipped/>
  </testcase> <!-- own_Message -->
  <testcase classname="com.edu.test.Own_Message_Test" name="edit_PasswordFailed2" time="0.000">
    <skipped/>
  </testcase> <!-- edit_PasswordFailed2 -->
  <testcase classname="com.edu.test.Own_Message_Test" name="edit_Password" time="0.000">
    <skipped/>
  </testcase> <!-- edit_Password -->
  <testcase classname="com.edu.test.Own_Message_Test" name="edit_Message" time="0.000">
    <skipped/>
  </testcase> <!-- edit_Message -->
  <testcase classname="com.edu.test.Own_Message_Test" name="exit" time="0.000">
    <skipped/>
  </testcase> <!-- exit -->
  <testcase classname="com.edu.test.Own_Message_Test" name="edit_PasswordFailed3">
    <skipped/>
  </testcase> <!-- edit_PasswordFailed3 -->
  <testcase classname="com.edu.test.Own_Message_Test" name="edit_PasswordFailed">
    <skipped/>
  </testcase> <!-- edit_PasswordFailed -->
</testsuite> <!-- com.edu.test.Own_Message_Test -->
