<?xml version="1.0" encoding="UTF-8"?>
<!-- Generated by org.testng.reporters.JUnitReportReporter -->
<testsuite hostname="PC" failures="0" tests="6" name="com.edu.test.Own_Message_Test" time="40.133" errors="0" timestamp="04 12月 2018 10:42:39 GMT" skipped="3">
  <testcase classname="com.edu.test.Own_Message_Test" name="own_Message" time="3.160"/>
  <testcase classname="com.edu.test.Own_Message_Test" name="edit_Message" time="32.561"/>
  <testcase classname="com.edu.test.Own_Message_Test" name="exit" time="4.412"/>
  <testcase classname="com.edu.test.Own_Message_Test" name="edit_Password">
    <skipped/>
  </testcase> <!-- edit_Password -->
  <testcase classname="com.edu.test.Own_Message_Test" name="edit_PasswordFailed">
    <skipped/>
  </testcase> <!-- edit_PasswordFailed -->
  <testcase classname="com.edu.test.Own_Message_Test" name="edit_PasswordFailed2">
    <skipped/>
  </testcase> <!-- edit_PasswordFailed2 -->
</testsuite> <!-- com.edu.test.Own_Message_Test -->
