<?xml version="1.0" encoding="UTF-8"?>
<!-- Generated by org.testng.reporters.JUnitReportReporter -->
<testsuite hostname="PC" failures="0" tests="12" name="com.edu.test.Work_Submit_Test" time="27.410" errors="0" timestamp="05 12月 2018 06:13:55 GMT" skipped="11">
  <testcase classname="com.edu.test.Work_Submit_Test" name="change_txt" time="27.410"/>
  <testcase classname="com.edu.test.Work_Submit_Test" name="file_txt">
    <skipped/>
  </testcase> <!-- file_txt -->
  <testcase classname="com.edu.test.Work_Submit_Test" name="look_work">
    <skipped/>
  </testcase> <!-- look_work -->
  <testcase classname="com.edu.test.Work_Submit_Test" name="change_txtAll">
    <skipped/>
  </testcase> <!-- change_txtAll -->
  <testcase classname="com.edu.test.Work_Submit_Test" name="code">
    <skipped/>
  </testcase> <!-- code -->
  <testcase classname="com.edu.test.Work_Submit_Test" name="change_flie">
    <skipped/>
  </testcase> <!-- change_flie -->
  <testcase classname="com.edu.test.Work_Submit_Test" name="code_txt">
    <skipped/>
  </testcase> <!-- code_txt -->
  <testcase classname="com.edu.test.Work_Submit_Test" name="add_code">
    <skipped/>
  </testcase> <!-- add_code -->
  <testcase classname="com.edu.test.Work_Submit_Test" name="change_code">
    <skipped/>
  </testcase> <!-- change_code -->
  <testcase classname="com.edu.test.Work_Submit_Test" name="code_file">
    <skipped/>
  </testcase> <!-- code_file -->
  <testcase classname="com.edu.test.Work_Submit_Test" name="file">
    <skipped/>
  </testcase> <!-- file -->
  <testcase classname="com.edu.test.Work_Submit_Test" name="txt">
    <skipped/>
  </testcase> <!-- txt -->
</testsuite> <!-- com.edu.test.Work_Submit_Test -->
