<?xml version="1.0" encoding="UTF-8"?>
<!-- Generated by org.testng.reporters.JUnitReportReporter -->
<testsuite hostname="LAPTOP-OHIPPB3J" failures="0" tests="9" name="com.edu.test.Work_Submit_Test" time="76.077" errors="0" timestamp="10 12月 2018 06:59:45 GMT" skipped="6">
  <testcase classname="com.edu.test.Work_Submit_Test" name="code_file_txt" time="41.825"/>
  <testcase classname="com.edu.test.Work_Submit_Test" name="look_work" time="8.503"/>
  <testcase classname="com.edu.test.Work_Submit_Test" name="change_Work" time="25.749"/>
  <testcase classname="com.edu.test.Work_Submit_Test" name="file_txt">
    <skipped/>
  </testcase> <!-- file_txt -->
  <testcase classname="com.edu.test.Work_Submit_Test" name="code">
    <skipped/>
  </testcase> <!-- code -->
  <testcase classname="com.edu.test.Work_Submit_Test" name="code_txt">
    <skipped/>
  </testcase> <!-- code_txt -->
  <testcase classname="com.edu.test.Work_Submit_Test" name="code_file">
    <skipped/>
  </testcase> <!-- code_file -->
  <testcase classname="com.edu.test.Work_Submit_Test" name="file">
    <skipped/>
  </testcase> <!-- file -->
  <testcase classname="com.edu.test.Work_Submit_Test" name="txt">
    <skipped/>
  </testcase> <!-- txt -->
</testsuite> <!-- com.edu.test.Work_Submit_Test -->
