<?xml version="1.0" encoding="UTF-8"?>
<testng-results ignored="0" total="6" passed="6" failed="0" skipped="0">
  <reporter-output>
  </reporter-output>
  <suite started-at="2018-12-21T00:48:56Z" name="Default suite" finished-at="2018-12-21T00:49:00Z" duration-ms="4096">
    <groups>
    </groups>
    <test started-at="2018-12-21T00:48:56Z" name="Default test" finished-at="2018-12-21T00:49:00Z" duration-ms="4096">
      <class name="demo.jiekouyuansheng">
        <test-method signature="test()[pri:0, instance:demo.jiekouyuansheng@6ff29830]" started-at="2018-12-21T00:48:56Z" name="test" finished-at="2018-12-21T00:48:57Z" duration-ms="768" status="PASS">
          <reporter-output>
          </reporter-output>
        </test-method> <!-- test -->
        <test-method signature="test1()[pri:0, instance:demo.jiekouyuansheng@6ff29830]" started-at="2018-12-21T00:48:57Z" name="test1" finished-at="2018-12-21T00:48:57Z" duration-ms="186" status="PASS">
          <reporter-output>
          </reporter-output>
        </test-method> <!-- test1 -->
        <test-method signature="test2()[pri:0, instance:demo.jiekouyuansheng@6ff29830]" started-at="2018-12-21T00:48:57Z" name="test2" finished-at="2018-12-21T00:48:57Z" duration-ms="189" status="PASS">
          <reporter-output>
          </reporter-output>
        </test-method> <!-- test2 -->
        <test-method signature="test3()[pri:0, instance:demo.jiekouyuansheng@6ff29830]" started-at="2018-12-21T00:48:57Z" name="test3" finished-at="2018-12-21T00:48:58Z" duration-ms="521" status="PASS">
          <reporter-output>
          </reporter-output>
        </test-method> <!-- test3 -->
        <test-method signature="test4()[pri:0, instance:demo.jiekouyuansheng@6ff29830]" started-at="2018-12-21T00:48:58Z" name="test4" finished-at="2018-12-21T00:48:59Z" duration-ms="1339" status="PASS">
          <reporter-output>
          </reporter-output>
        </test-method> <!-- test4 -->
        <test-method signature="test5()[pri:0, instance:demo.jiekouyuansheng@6ff29830]" started-at="2018-12-21T00:48:59Z" name="test5" finished-at="2018-12-21T00:49:00Z" duration-ms="1031" status="PASS">
          <reporter-output>
          </reporter-output>
        </test-method> <!-- test5 -->
      </class> <!-- demo.jiekouyuansheng -->
    </test> <!-- Default test -->
  </suite> <!-- Default suite -->
</testng-results>
