<?xml version="1.0" encoding="UTF-8"?>
<!-- Generated by org.testng.reporters.JUnitXMLReporter -->
<testsuite ignored="1" hostname="LAPTOP-OHIPPB3J" failures="1" tests="4" name="test" time="133.681" errors="0" timestamp="11 12月 2018 10:24:18 GMT">
  <testcase classname="com.edu.test.Login_Test" name="loginSuccess" time="22.34"/>
  <testcase classname="com.edu.test.Login_Test" name="loginSuccess" time="58.067">
    <failure type="org.openqa.selenium.ElementNotInteractableException" message="
Build info: version: &amp;apos;3.6.0&amp;apos;, revision: &amp;apos;6fbf3ec767&amp;apos;, time: &amp;apos;2017-09-27T16:15:40.131Z&amp;apos;
System info: host: &amp;apos;LAPTOP-OHIPPB3J&amp;apos;, ip: &amp;apos;169.254.66.194&amp;apos;, os.name: &amp;apos;Windows 10&amp;apos;, os.arch: &amp;apos;amd64&amp;apos;, os.version: &amp;apos;10.0&amp;apos;, java.version: &amp;apos;9.0.4&amp;apos;
Driver info: org.openqa.selenium.firefox.FirefoxDriver
Capabilities [{moz:profile=C:\Users\zhen\AppData\Local\Temp\rust_mozprofile.5GLnrqvkLgLN, rotatable=false, timeouts={implicit=0, pageLoad=300000, script=30000}, pageLoadStrategy=normal, moz:headless=false, platform=XP, specificationLevel=0, moz:accessibilityChecks=false, acceptInsecureCerts=true, browserVersion=56.0, platformVersion=10.0, moz:processID=15156, browserName=firefox, javascriptEnabled=true, platformName=XP}]
Session ID: 41c9bd91-32b5-46e8-ae71-b66b23507088">
      <![CDATA[org.openqa.selenium.ElementNotInteractableException: 
Build info: version: '3.6.0', revision: '6fbf3ec767', time: '2017-09-27T16:15:40.131Z'
System info: host: 'LAPTOP-OHIPPB3J', ip: '169.254.66.194', os.name: 'Windows 10', os.arch: 'amd64', os.version: '10.0', java.version: '9.0.4'
Driver info: org.openqa.selenium.firefox.FirefoxDriver
Capabilities [{moz:profile=C:\Users\zhen\AppData\Local\Temp\rust_mozprofile.5GLnrqvkLgLN, rotatable=false, timeouts={implicit=0, pageLoad=300000, script=30000}, pageLoadStrategy=normal, moz:headless=false, platform=XP, specificationLevel=0, moz:accessibilityChecks=false, acceptInsecureCerts=true, browserVersion=56.0, platformVersion=10.0, moz:processID=15156, browserName=firefox, javascriptEnabled=true, platformName=XP}]
Session ID: 41c9bd91-32b5-46e8-ae71-b66b23507088
at org.openqa.selenium.remote.http.W3CHttpResponseCodec.createException(W3CHttpResponseCodec.java:185)
at org.openqa.selenium.remote.http.W3CHttpResponseCodec.decode(W3CHttpResponseCodec.java:120)
at org.openqa.selenium.remote.http.W3CHttpResponseCodec.decode(W3CHttpResponseCodec.java:49)
at org.openqa.selenium.remote.HttpCommandExecutor.execute(HttpCommandExecutor.java:164)
at org.openqa.selenium.remote.service.DriverCommandExecutor.execute(DriverCommandExecutor.java:83)
at org.openqa.selenium.remote.RemoteWebDriver.execute(RemoteWebDriver.java:586)
at org.openqa.selenium.remote.RemoteWebElement.execute(RemoteWebElement.java:279)
at org.openqa.selenium.remote.RemoteWebElement.click(RemoteWebElement.java:83)
at com.edu.core.WebDriverEngine.click(WebDriverEngine.java:157)
at com.edu.test.Login_Test.loginSuccess(Login_Test.java:57)
at java.base/java.util.concurrent.FutureTask.run(FutureTask.java:264)
at java.base/java.util.concurrent.ThreadPoolExecutor.runWorker(ThreadPoolExecutor.java:1167)
at java.base/java.util.concurrent.ThreadPoolExecutor$Worker.run(ThreadPoolExecutor.java:641)
at java.base/java.lang.Thread.run(Thread.java:844)
... Removed 20 stack frames]]>
    </failure>
  </testcase> <!-- loginSuccess -->
  <testcase classname="com.edu.test.Login_Test" name="loginSuccess" time="16.983"/>
  <testcase classname="com.edu.test.Login_Test" name="loginSuccess2" time="21.389"/>
  <testcase classname="com.edu.test.Login_Test" name="loginfail" time="0.0">
    <ignored/>
  </testcase> <!-- loginfail -->
</testsuite> <!-- test -->
