<?xml version="1.0" encoding="UTF-8"?>
<!-- Generated by org.testng.reporters.JUnitXMLReporter -->
<testsuite ignored="0" hostname="PC" failures="1" tests="3" name="three" time="0.542" errors="0" timestamp="18 12月 2018 07:38:55 GMT">
  <testcase classname="com.edu.test.Transfee_Parameter" name="feeTest1" time="0.351">
    <failure type="org.apache.http.ConnectionClosedException" message="Premature end of chunk coded message body: closing chunk expected">
      <![CDATA[org.apache.http.ConnectionClosedException: Premature end of chunk coded message body: closing chunk expected
at org.apache.http.impl.io.ChunkedInputStream.getChunkSize(ChunkedInputStream.java:266)
at org.apache.http.impl.io.ChunkedInputStream.nextChunk(ChunkedInputStream.java:225)
at org.apache.http.impl.io.ChunkedInputStream.read(ChunkedInputStream.java:148)
at org.apache.http.conn.EofSensorInputStream.read(EofSensorInputStream.java:118)
at java.base/java.util.zip.CheckedInputStream.read(CheckedInputStream.java:60)
at java.base/java.util.zip.GZIPInputStream.readUByte(GZIPInputStream.java:267)
at java.base/java.util.zip.GZIPInputStream.readUShort(GZIPInputStream.java:259)
at java.base/java.util.zip.GZIPInputStream.readHeader(GZIPInputStream.java:165)
at java.base/java.util.zip.GZIPInputStream.<init>(GZIPInputStream.java:80)
at java.base/java.util.zip.GZIPInputStream.<init>(GZIPInputStream.java:92)
at org.apache.http.client.entity.GZIPInputStreamFactory.create(GZIPInputStreamFactory.java:61)
at org.apache.http.client.entity.LazyDecompressingInputStream.initWrapper(LazyDecompressingInputStream.java:51)
at org.apache.http.client.entity.LazyDecompressingInputStream.read(LazyDecompressingInputStream.java:69)
at java.base/sun.nio.cs.StreamDecoder.readBytes(StreamDecoder.java:284)
at java.base/sun.nio.cs.StreamDecoder.implRead(StreamDecoder.java:326)
at java.base/sun.nio.cs.StreamDecoder.read(StreamDecoder.java:178)
at java.base/java.io.InputStreamReader.read(InputStreamReader.java:185)
at java.base/java.io.Reader.read(Reader.java:140)
at org.apache.http.util.EntityUtils.toString(EntityUtils.java:227)
at org.apache.http.util.EntityUtils.toString(EntityUtils.java:270)
at org.apache.http.util.EntityUtils.toString(EntityUtils.java:290)
at com.edu.core.HttpDriver.doGet(HttpDriver.java:40)
at com.edu.test.Transfee_Parameter.feeTest1(Transfee_Parameter.java:21)
at java.base/java.util.concurrent.FutureTask.run(FutureTask.java:264)
at java.base/java.util.concurrent.ThreadPoolExecutor.runWorker(ThreadPoolExecutor.java:1167)
at java.base/java.util.concurrent.ThreadPoolExecutor$Worker.run(ThreadPoolExecutor.java:641)
at java.base/java.lang.Thread.run(Thread.java:844)
... Removed 16 stack frames]]>
    </failure>
  </testcase> <!-- feeTest1 -->
  <testcase classname="com.edu.test.Transfee_Parameter" name="feeTest2" time="0.081"/>
  <testcase classname="com.edu.test.Transfee_Parameter" name="feeTest" time="0.09"/>
</testsuite> <!-- three -->
