<?xml version="1.0" encoding="UTF-8"?>
<!-- Generated by org.testng.reporters.JUnitReportReporter -->
<testsuite hostname="DESKTOP-SBC7EAS" failures="0" tests="6" name="demo.jiekouyuansheng" time="4.034" errors="0" timestamp="21 12月 2018 00:49:01 GMT" skipped="0">
  <testcase classname="demo.jiekouyuansheng" name="test3" time="0.521"/>
  <testcase classname="demo.jiekouyuansheng" name="test4" time="1.339"/>
  <testcase classname="demo.jiekouyuansheng" name="test2" time="0.189"/>
  <testcase classname="demo.jiekouyuansheng" name="test5" time="1.031"/>
  <testcase classname="demo.jiekouyuansheng" name="test" time="0.768"/>
  <testcase classname="demo.jiekouyuansheng" name="test1" time="0.186"/>
</testsuite> <!-- demo.jiekouyuansheng -->
