<?xml version="1.0" encoding="UTF-8"?>
<!-- Generated by org.testng.reporters.JUnitXMLReporter -->
<testsuite ignored="7" hostname="PC" failures="0" tests="1" name="且说" time="37.601" errors="0" timestamp="26 12月 2018 12:26:35 GMT">
  <testcase classname="com.edu.test.QieShuo_Test" name="commentLong_Fail2" time="23.319"/>
  <testcase classname="com.edu.test.QieShuo_Test" name="commentLong_Fail1" time="0.0">
    <ignored/>
  </testcase> <!-- commentLong_Fail1 -->
  <testcase classname="com.edu.test.QieShuo_Test" name="comment" time="0.0">
    <ignored/>
  </testcase> <!-- comment -->
  <testcase classname="com.edu.test.QieShuo_Test" name="comment2" time="0.0">
    <ignored/>
  </testcase> <!-- comment2 -->
  <testcase classname="com.edu.test.QieShuo_Test" name="commentLong" time="0.0">
    <ignored/>
  </testcase> <!-- commentLong -->
  <testcase classname="com.edu.test.QieShuo_Test" name="commentLong_Fail3" time="0.0">
    <ignored/>
  </testcase> <!-- commentLong_Fail3 -->
  <testcase classname="com.edu.test.QieShuo_Test" name="commentCode" time="0.0">
    <ignored/>
  </testcase> <!-- commentCode -->
  <testcase classname="com.edu.test.QieShuo_Test" name="commentPic" time="0.0">
    <ignored/>
  </testcase> <!-- commentPic -->
</testsuite> <!-- 且说 -->
