<?xml version="1.0" encoding="UTF-8"?>
<!-- Generated by org.testng.reporters.JUnitXMLReporter -->
<testsuite ignored="2" hostname="PC" failures="0" tests="6" name="个人信息" time="151.32" errors="0" timestamp="18 12月 2018 03:15:29 GMT">
  <testcase classname="com.edu.test.Own_Message_Test" name="own_Message" time="7.197"/>
  <testcase classname="com.edu.test.Own_Message_Test" name="edit_Message" time="29.322"/>
  <testcase classname="com.edu.test.Own_Message_Test" name="edit_PasswordFailed" time="20.623"/>
  <testcase classname="com.edu.test.Own_Message_Test" name="edit_PasswordFailed2" time="19.136"/>
  <testcase classname="com.edu.test.Own_Message_Test" name="edit_PasswordFailed3" time="18.683"/>
  <testcase classname="com.edu.test.Own_Message_Test" name="exit" time="4.281"/>
  <testcase classname="com.edu.test.Own_Message_Test" name="edit_Password" time="0.0">
    <ignored/>
  </testcase> <!-- edit_Password -->
  <testcase classname="com.edu.test.Own_Message_Test" name="own_Check" time="0.0">
    <ignored/>
  </testcase> <!-- own_Check -->
</testsuite> <!-- 个人信息 -->
