<?xml version="1.0" encoding="UTF-8"?>
<!-- Generated by org.testng.reporters.JUnitXMLReporter -->
<testsuite ignored="5" hostname="PC" failures="0" tests="1" name="修改作业" time="52.769" errors="0" timestamp="26 12月 2018 11:15:45 GMT">
  <testcase classname="com.edu.test.Work_Change_Test" name="change_work" time="29.456"/>
  <testcase classname="com.edu.test.Work_Change_Test" name="change_txt" time="0.0">
    <ignored/>
  </testcase> <!-- change_txt -->
  <testcase classname="com.edu.test.Work_Change_Test" name="add_code" time="0.0">
    <ignored/>
  </testcase> <!-- add_code -->
  <testcase classname="com.edu.test.Work_Change_Test" name="change_code" time="0.0">
    <ignored/>
  </testcase> <!-- change_code -->
  <testcase classname="com.edu.test.Work_Change_Test" name="change_txtAll" time="0.0">
    <ignored/>
  </testcase> <!-- change_txtAll -->
  <testcase classname="com.edu.test.Work_Change_Test" name="change_flie" time="0.0">
    <ignored/>
  </testcase> <!-- change_flie -->
</testsuite> <!-- 修改作业 -->
