<?xml version="1.0" encoding="UTF-8"?>
<!-- Generated by org.testng.reporters.JUnitXMLReporter -->
<testsuite ignored="0" hostname="PC" failures="0" tests="6" name="修改作业" time="119.818" errors="0" timestamp="18 12月 2018 06:52:05 GMT">
  <testcase classname="com.edu.test.Work_Change_Test" name="change_txt" time="16.914"/>
  <testcase classname="com.edu.test.Work_Change_Test" name="change_txtAll" time="7.816"/>
  <testcase classname="com.edu.test.Work_Change_Test" name="add_file" time="0.06"/>
  <testcase classname="com.edu.test.Work_Change_Test" name="add_code" time="16.631"/>
  <testcase classname="com.edu.test.Work_Change_Test" name="change_flie" time="0.13"/>
  <testcase classname="com.edu.test.Work_Change_Test" name="change_code" time="13.651"/>
</testsuite> <!-- 修改作业 -->
