<?xml version="1.0" encoding="UTF-8"?>
<!-- Generated by org.testng.reporters.JUnitXMLReporter -->
<testsuite ignored="0" hostname="PC" failures="0" tests="3" name="同步课" time="110.292" errors="0" timestamp="26 12月 2018 11:11:05 GMT">
  <testcase classname="com.edu.test.Coures_Apply_Test" name="course" time="18.577"/>
  <testcase classname="com.edu.test.Coures_Apply_Test" name="course2" time="34.291"/>
  <testcase classname="com.edu.test.Coures_Apply_Test" name="ownCourse" time="33.7"/>
</testsuite> <!-- 同步课 -->
