<?xml version="1.0" encoding="UTF-8"?>
<!-- Generated by org.testng.reporters.JUnitXMLReporter -->
<testsuite ignored="2" hostname="PC" failures="0" tests="1" name="登录" time="13.786" errors="0" timestamp="26 12月 2018 12:33:41 GMT">
  <testcase classname="com.edu.test.Login_Test" name="loginfail" time="8.484"/>
  <testcase classname="com.edu.test.Login_Test" name="loginSuccess2" time="0.0">
    <ignored/>
  </testcase> <!-- loginSuccess2 -->
  <testcase classname="com.edu.test.Login_Test" name="loginSuccess" time="0.0">
    <ignored/>
  </testcase> <!-- loginSuccess -->
</testsuite> <!-- 登录 -->
