<?xml version="1.0" encoding="UTF-8"?>
<!-- Generated by org.testng.reporters.JUnitXMLReporter -->
<testsuite ignored="2" hostname="PC" failures="0" tests="1" name="登录" time="26.277" errors="0" timestamp="28 12月 2018 03:32:38 GMT">
  <testcase classname="com.edu.stu_test.Login_Test" name="loginfail" time="11.186"/>
  <testcase classname="com.edu.stu_test.Login_Test" name="loginSuccess2" time="0.0">
    <ignored/>
  </testcase> <!-- loginSuccess2 -->
  <testcase classname="com.edu.stu_test.Login_Test" name="loginSuccess" time="0.0">
    <ignored/>
  </testcase> <!-- loginSuccess -->
</testsuite> <!-- 登录 -->
