<?xml version="1.0" encoding="UTF-8"?>
<!-- Generated by org.testng.reporters.JUnitXMLReporter -->
<testsuite ignored="0" hostname="PC" failures="0" tests="4" name="课程" time="113.203" errors="0" timestamp="18 12月 2018 06:47:41 GMT">
  <testcase classname="com.edu.test.Course_Test" name="course_Search" time="18.266"/>
  <testcase classname="com.edu.test.Course_Test" name="course_Search2" time="27.309"/>
  <testcase classname="com.edu.test.Course_Test" name="course_Search3" time="33.58"/>
  <testcase classname="com.edu.test.Course_Test" name="course_Look" time="20.005"/>
</testsuite> <!-- 课程 -->
