<?xml version="1.0" encoding="UTF-8"?>
<testng-results ignored="2" total="3" passed="1" failed="0" skipped="0">
  <reporter-output>
  </reporter-output>
  <suite started-at="2018-12-26T12:44:27Z" name="雪梨教育测试项目-学生部分" finished-at="2018-12-26T12:44:41Z" duration-ms="14408">
    <groups>
    </groups>
    <test started-at="2018-12-26T12:44:27Z" name="登录1" finished-at="2018-12-26T12:44:41Z" duration-ms="14408">
      <class name="com.edu.test.Login_Test">
        <test-method is-config="true" signature="doBeforeSuite()[pri:0, instance:com.edu.test.Login_Test@24569dba]" started-at="2018-12-26T12:44:27Z" name="doBeforeSuite" finished-at="2018-12-26T12:44:32Z" duration-ms="4762" status="PASS">
          <reporter-output>
          </reporter-output>
        </test-method> <!-- doBeforeSuite -->
        <test-method is-config="true" signature="setup()[pri:0, instance:com.edu.test.Login_Test@24569dba]" started-at="2018-12-26T12:44:32Z" name="setup" finished-at="2018-12-26T12:44:32Z" duration-ms="13" status="PASS">
          <reporter-output>
          </reporter-output>
        </test-method> <!-- setup -->
        <test-method signature="loginfail()[pri:0, instance:com.edu.test.Login_Test@24569dba]" started-at="2018-12-26T12:44:32Z" name="loginfail" description="失败登录" finished-at="2018-12-26T12:44:41Z" duration-ms="8885" status="PASS">
          <reporter-output>
          </reporter-output>
        </test-method> <!-- loginfail -->
        <test-method is-config="true" signature="doAfterMethod()[pri:0, instance:com.edu.test.Login_Test@24569dba]" started-at="2018-12-26T12:44:41Z" name="doAfterMethod" finished-at="2018-12-26T12:44:41Z" duration-ms="698" status="PASS">
          <reporter-output>
          </reporter-output>
        </test-method> <!-- doAfterMethod -->
      </class> <!-- com.edu.test.Login_Test -->
    </test> <!-- 登录1 -->
  </suite> <!-- 雪梨教育测试项目-学生部分 -->
</testng-results>
