<?xml version="1.0" encoding="UTF-8"?>
<testng-results ignored="0" total="5" passed="5" failed="0" skipped="0">
  <reporter-output>
  </reporter-output>
  <suite started-at="2018-12-18T07:16:22Z" name="雪梨教育测试项目-学生部分" finished-at="2018-12-18T07:17:48Z" duration-ms="86272">
    <groups>
    </groups>
    <test started-at="2018-12-18T07:16:22Z" name="登录" finished-at="2018-12-18T07:17:48Z" duration-ms="86272">
      <class name="com.edu.test.Login_Test">
        <test-method is-config="true" signature="doBeforeSuite()[pri:0, instance:com.edu.test.Login_Test@7d9d0818]" started-at="2018-12-18T07:16:22Z" name="doBeforeSuite" finished-at="2018-12-18T07:16:27Z" duration-ms="4746" status="PASS">
          <reporter-output>
          </reporter-output>
        </test-method> <!-- doBeforeSuite -->
        <test-method is-config="true" signature="setup()[pri:0, instance:com.edu.test.Login_Test@7d9d0818]" started-at="2018-12-18T07:16:27Z" name="setup" finished-at="2018-12-18T07:16:27Z" duration-ms="10" status="PASS">
          <reporter-output>
          </reporter-output>
        </test-method> <!-- setup -->
        <test-method signature="loginSuccess(java.lang.String, java.lang.String)[pri:0, instance:com.edu.test.Login_Test@7d9d0818]" started-at="2018-12-18T07:16:27Z" name="loginSuccess" description="TXT驱动登录" data-provider="txt" finished-at="2018-12-18T07:16:46Z" duration-ms="19343" status="PASS">
          <params>
            <param index="0">
              <value>
                <![CDATA[1336448191@qq.com]]>
              </value>
            </param>
            <param index="1">
              <value>
                <![CDATA[ZHANGyu123]]>
              </value>
            </param>
          </params>
          <reporter-output>
          </reporter-output>
        </test-method> <!-- loginSuccess -->
        <test-method signature="loginSuccess(java.lang.String, java.lang.String)[pri:0, instance:com.edu.test.Login_Test@7d9d0818]" started-at="2018-12-18T07:16:46Z" name="loginSuccess" description="TXT驱动登录" data-provider="txt" finished-at="2018-12-18T07:17:05Z" duration-ms="18836" status="PASS">
          <params>
            <param index="0">
              <value>
                <![CDATA[2798011643@qq.com]]>
              </value>
            </param>
            <param index="1">
              <value>
                <![CDATA[Whymm13145]]>
              </value>
            </param>
          </params>
          <reporter-output>
          </reporter-output>
        </test-method> <!-- loginSuccess -->
        <test-method signature="loginSuccess2(java.lang.String, java.lang.String)[pri:0, instance:com.edu.test.Login_Test@7d9d0818]" started-at="2018-12-18T07:17:06Z" name="loginSuccess2" description="excel驱动登录" data-provider="excel" finished-at="2018-12-18T07:17:23Z" duration-ms="17127" status="PASS">
          <params>
            <param index="0">
              <value>
                <![CDATA[2798011643@qq.com]]>
              </value>
            </param>
            <param index="1">
              <value>
                <![CDATA[Whymm13145]]>
              </value>
            </param>
          </params>
          <reporter-output>
          </reporter-output>
        </test-method> <!-- loginSuccess2 -->
        <test-method signature="loginSuccess2(java.lang.String, java.lang.String)[pri:0, instance:com.edu.test.Login_Test@7d9d0818]" started-at="2018-12-18T07:17:23Z" name="loginSuccess2" description="excel驱动登录" data-provider="excel" finished-at="2018-12-18T07:17:40Z" duration-ms="16868" status="PASS">
          <params>
            <param index="0">
              <value>
                <![CDATA[why2798011643@126.com]]>
              </value>
            </param>
            <param index="1">
              <value>
                <![CDATA[Whymm13145]]>
              </value>
            </param>
          </params>
          <reporter-output>
          </reporter-output>
        </test-method> <!-- loginSuccess2 -->
        <test-method signature="loginfail()[pri:0, instance:com.edu.test.Login_Test@7d9d0818]" started-at="2018-12-18T07:17:40Z" name="loginfail" description="失败登录" finished-at="2018-12-18T07:17:48Z" duration-ms="8248" status="PASS">
          <reporter-output>
          </reporter-output>
        </test-method> <!-- loginfail -->
        <test-method is-config="true" signature="doAfterMethod()[pri:0, instance:com.edu.test.Login_Test@7d9d0818]" started-at="2018-12-18T07:17:48Z" name="doAfterMethod" finished-at="2018-12-18T07:17:48Z" duration-ms="553" status="PASS">
          <reporter-output>
          </reporter-output>
        </test-method> <!-- doAfterMethod -->
      </class> <!-- com.edu.test.Login_Test -->
    </test> <!-- 登录 -->
  </suite> <!-- 雪梨教育测试项目-学生部分 -->
</testng-results>
