<?xml version="1.0" encoding="UTF-8"?>
<!-- Generated by org.testng.reporters.JUnitXMLReporter -->
<testsuite ignored="3" hostname="DESK-20180507JQ" failures="0" tests="1" name="Default test" time="26.507" errors="0" timestamp="05 12月 2018 09:08:58 GMT">
  <testcase classname="com.webtest.demo.Search" name="search_incomplete" time="26.479"/>
  <testcase classname="com.webtest.demo.Search" name="search_success" time="0.0">
    <ignored/>
  </testcase> <!-- search_success -->
  <testcase classname="com.webtest.demo.Search" name="search_null" time="0.0">
    <ignored/>
  </testcase> <!-- search_null -->
  <testcase classname="com.webtest.demo.Search" name="search_fail" time="0.0">
    <ignored/>
  </testcase> <!-- search_fail -->
</testsuite> <!-- Default test -->
