<?xml version="1.0" encoding="UTF-8"?>
<!-- Generated by org.testng.reporters.JUnitReportReporter -->
<testsuite hostname="LAPTOP-CVGQM1CK" failures="0" tests="10" name="com.edu.test.QgDeal" time="2.074" errors="0" timestamp="31 10月 2018 03:15:02 GMT" skipped="0">
  <testcase classname="com.edu.test.QgDeal" name="submit" time="0.180"/>
  <testcase classname="com.edu.test.QgDeal" name="submit" time="0.180"/>
  <testcase classname="com.edu.test.QgDeal" name="submit" time="0.190"/>
  <testcase classname="com.edu.test.QgDeal" name="submit" time="0.160"/>
  <testcase classname="com.edu.test.QgDeal" name="submit" time="0.491"/>
  <testcase classname="com.edu.test.QgDeal" name="submit" time="0.160"/>
  <testcase classname="com.edu.test.QgDeal" name="submit" time="0.170"/>
  <testcase classname="com.edu.test.QgDeal" name="submit" time="0.180"/>
  <testcase classname="com.edu.test.QgDeal" name="submit" time="0.193"/>
  <testcase classname="com.edu.test.QgDeal" name="submit" time="0.170"/>
</testsuite> <!-- com.edu.test.QgDeal -->
