<?xml version="1.0" encoding="UTF-8"?>
<testsuite name="搜索框"
           tests="3"
           failures="0"
           errors="0"
           skipped="0"
           time="34.801">
  <properties />
  
  
            <testcase name="search_fail" time="10.013" classname="com.edu.test.Search_Test" />
                <testcase name="search_success" time="16.525" classname="com.edu.test.Search_Test" />
                <testcase name="search_null" time="8.263" classname="com.edu.test.Search_Test" />
      
</testsuite>
