<?xml version="1.0" encoding="UTF-8"?>
<!-- Generated by org.testng.reporters.JUnitXMLReporter -->
<testsuite ignored="0" hostname="LAPTOP-CVGQM1CK" failures="1" tests="2" name="test1" time="7.857" errors="0" timestamp="30 11月 2018 11:03:11 GMT">
  <testcase classname="aaacom.AddRenwu" name="addRenwu" time="0.0">
    <failure type="org.testng.TestNGException" message="
Cannot inject @Test annotated Method [addRenwu] with [class java.lang.String, class java.lang.String].
For more information on native dependency injection please refer to http://testng.org/doc/documentation-main.html#native-dependency-injection">
      <![CDATA[org.testng.TestNGException: 
Cannot inject @Test annotated Method [addRenwu] with [class java.lang.String, class java.lang.String].
For more information on native dependency injection please refer to http://testng.org/doc/documentation-main.html#native-dependency-injection
... Removed 24 stack frames]]>
    </failure>
  </testcase> <!-- addRenwu -->
  <testcase classname="aaacom.AddRenwu" name="nihao" time="0.06"/>
</testsuite> <!-- test1 -->
