<?xml version="1.0" encoding="UTF-8"?>
<!-- Generated by org.testng.reporters.JUnitXMLReporter -->
<testsuite ignored="0" hostname="PC" failures="0" tests="3" name="three" time="1.732" errors="0" timestamp="18 12月 2018 03:29:53 GMT">
  <testcase classname="com.edu.test.Transfee_Parameter" name="feeTest1" time="1.541"/>
  <testcase classname="com.edu.test.Transfee_Parameter" name="feeTest2" time="0.091"/>
  <testcase classname="com.edu.test.Transfee_Parameter" name="feeTest" time="0.079"/>
</testsuite> <!-- three -->
